

Started GET "/" for 10.0.2.2 at 2015-07-18 02:29:42 +0000
Processing by Rails::WelcomeController#index as HTML
  Rendered /usr/local/rvm/gems/ruby-2.1.3/gems/railties-4.0.0/lib/rails/templates/rails/welcome/index.html.erb (6.0ms)
Completed 200 OK in 59ms (Views: 32.9ms | ActiveRecord: 0.0ms)


Started GET "/posts" for 10.0.2.2 at 2015-07-18 02:29:49 +0000

ActionController::RoutingError (No route matches [GET] "/posts"):
  actionpack (4.0.0) lib/action_dispatch/middleware/debug_exceptions.rb:21:in `call'
  actionpack (4.0.0) lib/action_dispatch/middleware/show_exceptions.rb:30:in `call'
  railties (4.0.0) lib/rails/rack/logger.rb:38:in `call_app'
  railties (4.0.0) lib/rails/rack/logger.rb:21:in `block in call'
  activesupport (4.0.0) lib/active_support/tagged_logging.rb:67:in `block in tagged'
  activesupport (4.0.0) lib/active_support/tagged_logging.rb:25:in `tagged'
  activesupport (4.0.0) lib/active_support/tagged_logging.rb:67:in `tagged'
  railties (4.0.0) lib/rails/rack/logger.rb:21:in `call'
  actionpack (4.0.0) lib/action_dispatch/middleware/request_id.rb:21:in `call'
  rack (1.5.5) lib/rack/methodoverride.rb:21:in `call'
  rack (1.5.5) lib/rack/runtime.rb:17:in `call'
  activesupport (4.0.0) lib/active_support/cache/strategy/local_cache.rb:83:in `call'
  rack (1.5.5) lib/rack/lock.rb:17:in `call'
  actionpack (4.0.0) lib/action_dispatch/middleware/static.rb:64:in `call'
  railties (4.0.0) lib/rails/engine.rb:511:in `call'
  railties (4.0.0) lib/rails/application.rb:97:in `call'
  rack (1.5.5) lib/rack/lock.rb:17:in `call'
  rack (1.5.5) lib/rack/content_length.rb:14:in `call'
  rack (1.5.5) lib/rack/handler/webrick.rb:60:in `service'
  /usr/local/rvm/rubies/ruby-2.1.3/lib/ruby/2.1.0/webrick/httpserver.rb:138:in `service'
  /usr/local/rvm/rubies/ruby-2.1.3/lib/ruby/2.1.0/webrick/httpserver.rb:94:in `run'
  /usr/local/rvm/rubies/ruby-2.1.3/lib/ruby/2.1.0/webrick/server.rb:295:in `block in start_thread'


  Rendered /usr/local/rvm/gems/ruby-2.1.3/gems/actionpack-4.0.0/lib/action_dispatch/middleware/templates/rescues/_trace.erb (0.7ms)
  Rendered /usr/local/rvm/gems/ruby-2.1.3/gems/actionpack-4.0.0/lib/action_dispatch/middleware/templates/routes/_table.html.erb (16.9ms)
  Rendered /usr/local/rvm/gems/ruby-2.1.3/gems/actionpack-4.0.0/lib/action_dispatch/middleware/templates/rescues/routing_error.erb within rescues/layout (32.5ms)


Started GET "/" for 10.0.2.2 at 2015-07-18 02:50:28 +0000
Processing by Rails::WelcomeController#index as HTML
  Rendered /usr/local/rvm/gems/ruby-2.1.3/gems/railties-4.0.0/lib/rails/templates/rails/welcome/index.html.erb (7.5ms)
Completed 200 OK in 59ms (Views: 32.0ms | ActiveRecord: 0.0ms)


Started GET "/posts" for 10.0.2.2 at 2015-07-18 02:50:32 +0000

ActionController::RoutingError (uninitialized constant PostsController):
  activesupport (4.0.0) lib/active_support/inflector/methods.rb:226:in `const_get'
  activesupport (4.0.0) lib/active_support/inflector/methods.rb:226:in `block in constantize'
  activesupport (4.0.0) lib/active_support/inflector/methods.rb:224:in `each'
  activesupport (4.0.0) lib/active_support/inflector/methods.rb:224:in `inject'
  activesupport (4.0.0) lib/active_support/inflector/methods.rb:224:in `constantize'
  actionpack (4.0.0) lib/action_dispatch/routing/route_set.rb:76:in `controller_reference'
  actionpack (4.0.0) lib/action_dispatch/routing/route_set.rb:66:in `controller'
  actionpack (4.0.0) lib/action_dispatch/routing/route_set.rb:44:in `call'
  actionpack (4.0.0) lib/action_dispatch/journey/router.rb:71:in `block in call'
  actionpack (4.0.0) lib/action_dispatch/journey/router.rb:59:in `each'
  actionpack (4.0.0) lib/action_dispatch/journey/router.rb:59:in `call'
  actionpack (4.0.0) lib/action_dispatch/routing/route_set.rb:655:in `call'
  rack (1.5.5) lib/rack/etag.rb:23:in `call'
  rack (1.5.5) lib/rack/conditionalget.rb:25:in `call'
  rack (1.5.5) lib/rack/head.rb:11:in `call'
  actionpack (4.0.0) lib/action_dispatch/middleware/params_parser.rb:27:in `call'
  actionpack (4.0.0) lib/action_dispatch/middleware/flash.rb:241:in `call'
  rack (1.5.5) lib/rack/session/abstract/id.rb:225:in `context'
  rack (1.5.5) lib/rack/session/abstract/id.rb:220:in `call'
  actionpack (4.0.0) lib/action_dispatch/middleware/cookies.rb:486:in `call'
  activerecord (4.0.0) lib/active_record/query_cache.rb:36:in `call'
  activerecord (4.0.0) lib/active_record/connection_adapters/abstract/connection_pool.rb:626:in `call'
  activerecord (4.0.0) lib/active_record/migration.rb:369:in `call'
  actionpack (4.0.0) lib/action_dispatch/middleware/callbacks.rb:29:in `block in call'
  activesupport (4.0.0) lib/active_support/callbacks.rb:373:in `_run__989424355__call__callbacks'
  activesupport (4.0.0) lib/active_support/callbacks.rb:80:in `run_callbacks'
  actionpack (4.0.0) lib/action_dispatch/middleware/callbacks.rb:27:in `call'
  actionpack (4.0.0) lib/action_dispatch/middleware/reloader.rb:64:in `call'
  actionpack (4.0.0) lib/action_dispatch/middleware/remote_ip.rb:76:in `call'
  actionpack (4.0.0) lib/action_dispatch/middleware/debug_exceptions.rb:17:in `call'
  actionpack (4.0.0) lib/action_dispatch/middleware/show_exceptions.rb:30:in `call'
  railties (4.0.0) lib/rails/rack/logger.rb:38:in `call_app'
  railties (4.0.0) lib/rails/rack/logger.rb:21:in `block in call'
  activesupport (4.0.0) lib/active_support/tagged_logging.rb:67:in `block in tagged'
  activesupport (4.0.0) lib/active_support/tagged_logging.rb:25:in `tagged'
  activesupport (4.0.0) lib/active_support/tagged_logging.rb:67:in `tagged'
  railties (4.0.0) lib/rails/rack/logger.rb:21:in `call'
  actionpack (4.0.0) lib/action_dispatch/middleware/request_id.rb:21:in `call'
  rack (1.5.5) lib/rack/methodoverride.rb:21:in `call'
  rack (1.5.5) lib/rack/runtime.rb:17:in `call'
  activesupport (4.0.0) lib/active_support/cache/strategy/local_cache.rb:83:in `call'
  rack (1.5.5) lib/rack/lock.rb:17:in `call'
  actionpack (4.0.0) lib/action_dispatch/middleware/static.rb:64:in `call'
  railties (4.0.0) lib/rails/engine.rb:511:in `call'
  railties (4.0.0) lib/rails/application.rb:97:in `call'
  rack (1.5.5) lib/rack/lock.rb:17:in `call'
  rack (1.5.5) lib/rack/content_length.rb:14:in `call'
  rack (1.5.5) lib/rack/handler/webrick.rb:60:in `service'
  /usr/local/rvm/rubies/ruby-2.1.3/lib/ruby/2.1.0/webrick/httpserver.rb:138:in `service'
  /usr/local/rvm/rubies/ruby-2.1.3/lib/ruby/2.1.0/webrick/httpserver.rb:94:in `run'
  /usr/local/rvm/rubies/ruby-2.1.3/lib/ruby/2.1.0/webrick/server.rb:295:in `block in start_thread'


  Rendered /usr/local/rvm/gems/ruby-2.1.3/gems/actionpack-4.0.0/lib/action_dispatch/middleware/templates/rescues/_trace.erb (1.3ms)
  Rendered /usr/local/rvm/gems/ruby-2.1.3/gems/actionpack-4.0.0/lib/action_dispatch/middleware/templates/routes/_route.html.erb (0.6ms)
  Rendered /usr/local/rvm/gems/ruby-2.1.3/gems/actionpack-4.0.0/lib/action_dispatch/middleware/templates/routes/_table.html.erb (18.5ms)
  Rendered /usr/local/rvm/gems/ruby-2.1.3/gems/actionpack-4.0.0/lib/action_dispatch/middleware/templates/rescues/routing_error.erb within rescues/layout (38.7ms)


Started GET "/posts" for 10.0.2.2 at 2015-07-18 02:54:02 +0000

AbstractController::ActionNotFound (The action 'index' could not be found for PostsController):
  actionpack (4.0.0) lib/abstract_controller/base.rb:131:in `process'
  actionpack (4.0.0) lib/abstract_controller/rendering.rb:44:in `process'
  actionpack (4.0.0) lib/action_controller/metal.rb:195:in `dispatch'
  actionpack (4.0.0) lib/action_controller/metal/rack_delegation.rb:13:in `dispatch'
  actionpack (4.0.0) lib/action_controller/metal.rb:231:in `block in action'
  actionpack (4.0.0) lib/action_dispatch/routing/route_set.rb:80:in `call'
  actionpack (4.0.0) lib/action_dispatch/routing/route_set.rb:80:in `dispatch'
  actionpack (4.0.0) lib/action_dispatch/routing/route_set.rb:48:in `call'
  actionpack (4.0.0) lib/action_dispatch/journey/router.rb:71:in `block in call'
  actionpack (4.0.0) lib/action_dispatch/journey/router.rb:59:in `each'
  actionpack (4.0.0) lib/action_dispatch/journey/router.rb:59:in `call'
  actionpack (4.0.0) lib/action_dispatch/routing/route_set.rb:655:in `call'
  rack (1.5.5) lib/rack/etag.rb:23:in `call'
  rack (1.5.5) lib/rack/conditionalget.rb:25:in `call'
  rack (1.5.5) lib/rack/head.rb:11:in `call'
  actionpack (4.0.0) lib/action_dispatch/middleware/params_parser.rb:27:in `call'
  actionpack (4.0.0) lib/action_dispatch/middleware/flash.rb:241:in `call'
  rack (1.5.5) lib/rack/session/abstract/id.rb:225:in `context'
  rack (1.5.5) lib/rack/session/abstract/id.rb:220:in `call'
  actionpack (4.0.0) lib/action_dispatch/middleware/cookies.rb:486:in `call'
  activerecord (4.0.0) lib/active_record/query_cache.rb:36:in `call'
  activerecord (4.0.0) lib/active_record/connection_adapters/abstract/connection_pool.rb:626:in `call'
  activerecord (4.0.0) lib/active_record/migration.rb:369:in `call'
  actionpack (4.0.0) lib/action_dispatch/middleware/callbacks.rb:29:in `block in call'
  activesupport (4.0.0) lib/active_support/callbacks.rb:373:in `_run__1059725314__call__callbacks'
  activesupport (4.0.0) lib/active_support/callbacks.rb:80:in `run_callbacks'
  actionpack (4.0.0) lib/action_dispatch/middleware/callbacks.rb:27:in `call'
  actionpack (4.0.0) lib/action_dispatch/middleware/reloader.rb:64:in `call'
  actionpack (4.0.0) lib/action_dispatch/middleware/remote_ip.rb:76:in `call'
  actionpack (4.0.0) lib/action_dispatch/middleware/debug_exceptions.rb:17:in `call'
  actionpack (4.0.0) lib/action_dispatch/middleware/show_exceptions.rb:30:in `call'
  railties (4.0.0) lib/rails/rack/logger.rb:38:in `call_app'
  railties (4.0.0) lib/rails/rack/logger.rb:21:in `block in call'
  activesupport (4.0.0) lib/active_support/tagged_logging.rb:67:in `block in tagged'
  activesupport (4.0.0) lib/active_support/tagged_logging.rb:25:in `tagged'
  activesupport (4.0.0) lib/active_support/tagged_logging.rb:67:in `tagged'
  railties (4.0.0) lib/rails/rack/logger.rb:21:in `call'
  actionpack (4.0.0) lib/action_dispatch/middleware/request_id.rb:21:in `call'
  rack (1.5.5) lib/rack/methodoverride.rb:21:in `call'
  rack (1.5.5) lib/rack/runtime.rb:17:in `call'
  activesupport (4.0.0) lib/active_support/cache/strategy/local_cache.rb:83:in `call'
  rack (1.5.5) lib/rack/lock.rb:17:in `call'
  actionpack (4.0.0) lib/action_dispatch/middleware/static.rb:64:in `call'
  railties (4.0.0) lib/rails/engine.rb:511:in `call'
  railties (4.0.0) lib/rails/application.rb:97:in `call'
  rack (1.5.5) lib/rack/lock.rb:17:in `call'
  rack (1.5.5) lib/rack/content_length.rb:14:in `call'
  rack (1.5.5) lib/rack/handler/webrick.rb:60:in `service'
  /usr/local/rvm/rubies/ruby-2.1.3/lib/ruby/2.1.0/webrick/httpserver.rb:138:in `service'
  /usr/local/rvm/rubies/ruby-2.1.3/lib/ruby/2.1.0/webrick/httpserver.rb:94:in `run'
  /usr/local/rvm/rubies/ruby-2.1.3/lib/ruby/2.1.0/webrick/server.rb:295:in `block in start_thread'


  Rendered /usr/local/rvm/gems/ruby-2.1.3/gems/actionpack-4.0.0/lib/action_dispatch/middleware/templates/rescues/unknown_action.erb within rescues/layout (7.2ms)


Started GET "/posts" for 10.0.2.2 at 2015-07-18 02:58:02 +0000
Processing by PostsController#index as HTML
Completed 500 Internal Server Error in 81ms

ActionView::MissingTemplate (Missing template posts/index, application/index with {:locale=>[:en], :formats=>[:html], :handlers=>[:erb, :builder, :raw, :ruby, :jbuilder, :coffee]}. Searched in:
  * "/vagrant/w5d1/lighthouse_forum/app/views"
):
  actionpack (4.0.0) lib/action_view/path_set.rb:46:in `find'
  actionpack (4.0.0) lib/action_view/lookup_context.rb:115:in `find'
  actionpack (4.0.0) lib/action_view/renderer/abstract_renderer.rb:18:in `find_template'
  actionpack (4.0.0) lib/action_view/renderer/template_renderer.rb:35:in `determine_template'
  actionpack (4.0.0) lib/action_view/renderer/template_renderer.rb:8:in `render'
  actionpack (4.0.0) lib/action_view/renderer/renderer.rb:42:in `render_template'
  actionpack (4.0.0) lib/action_view/renderer/renderer.rb:23:in `render'
  actionpack (4.0.0) lib/abstract_controller/rendering.rb:127:in `_render_template'
  actionpack (4.0.0) lib/action_controller/metal/streaming.rb:219:in `_render_template'
  actionpack (4.0.0) lib/abstract_controller/rendering.rb:120:in `render_to_body'
  actionpack (4.0.0) lib/action_controller/metal/rendering.rb:33:in `render_to_body'
  actionpack (4.0.0) lib/action_controller/metal/renderers.rb:26:in `render_to_body'
  actionpack (4.0.0) lib/abstract_controller/rendering.rb:97:in `render'
  actionpack (4.0.0) lib/action_controller/metal/rendering.rb:16:in `render'
  actionpack (4.0.0) lib/action_controller/metal/instrumentation.rb:41:in `block (2 levels) in render'
  activesupport (4.0.0) lib/active_support/core_ext/benchmark.rb:12:in `block in ms'
  /usr/local/rvm/rubies/ruby-2.1.3/lib/ruby/2.1.0/benchmark.rb:294:in `realtime'
  activesupport (4.0.0) lib/active_support/core_ext/benchmark.rb:12:in `ms'
  actionpack (4.0.0) lib/action_controller/metal/instrumentation.rb:41:in `block in render'
  actionpack (4.0.0) lib/action_controller/metal/instrumentation.rb:84:in `cleanup_view_runtime'
  activerecord (4.0.0) lib/active_record/railties/controller_runtime.rb:25:in `cleanup_view_runtime'
  actionpack (4.0.0) lib/action_controller/metal/instrumentation.rb:40:in `render'
  actionpack (4.0.0) lib/action_controller/metal/implicit_render.rb:10:in `default_render'
  actionpack (4.0.0) lib/action_controller/metal/implicit_render.rb:5:in `send_action'
  actionpack (4.0.0) lib/abstract_controller/base.rb:189:in `process_action'
  actionpack (4.0.0) lib/action_controller/metal/rendering.rb:10:in `process_action'
  actionpack (4.0.0) lib/abstract_controller/callbacks.rb:18:in `block in process_action'
  activesupport (4.0.0) lib/active_support/callbacks.rb:403:in `_run__820598419__process_action__callbacks'
  activesupport (4.0.0) lib/active_support/callbacks.rb:80:in `run_callbacks'
  actionpack (4.0.0) lib/abstract_controller/callbacks.rb:17:in `process_action'
  actionpack (4.0.0) lib/action_controller/metal/rescue.rb:29:in `process_action'
  actionpack (4.0.0) lib/action_controller/metal/instrumentation.rb:31:in `block in process_action'
  activesupport (4.0.0) lib/active_support/notifications.rb:159:in `block in instrument'
  activesupport (4.0.0) lib/active_support/notifications/instrumenter.rb:20:in `instrument'
  activesupport (4.0.0) lib/active_support/notifications.rb:159:in `instrument'
  actionpack (4.0.0) lib/action_controller/metal/instrumentation.rb:30:in `process_action'
  actionpack (4.0.0) lib/action_controller/metal/params_wrapper.rb:245:in `process_action'
  activerecord (4.0.0) lib/active_record/railties/controller_runtime.rb:18:in `process_action'
  actionpack (4.0.0) lib/abstract_controller/base.rb:136:in `process'
  actionpack (4.0.0) lib/abstract_controller/rendering.rb:44:in `process'
  actionpack (4.0.0) lib/action_controller/metal.rb:195:in `dispatch'
  actionpack (4.0.0) lib/action_controller/metal/rack_delegation.rb:13:in `dispatch'
  actionpack (4.0.0) lib/action_controller/metal.rb:231:in `block in action'
  actionpack (4.0.0) lib/action_dispatch/routing/route_set.rb:80:in `call'
  actionpack (4.0.0) lib/action_dispatch/routing/route_set.rb:80:in `dispatch'
  actionpack (4.0.0) lib/action_dispatch/routing/route_set.rb:48:in `call'
  actionpack (4.0.0) lib/action_dispatch/journey/router.rb:71:in `block in call'
  actionpack (4.0.0) lib/action_dispatch/journey/router.rb:59:in `each'
  actionpack (4.0.0) lib/action_dispatch/journey/router.rb:59:in `call'
  actionpack (4.0.0) lib/action_dispatch/routing/route_set.rb:655:in `call'
  rack (1.5.5) lib/rack/etag.rb:23:in `call'
  rack (1.5.5) lib/rack/conditionalget.rb:25:in `call'
  rack (1.5.5) lib/rack/head.rb:11:in `call'
  actionpack (4.0.0) lib/action_dispatch/middleware/params_parser.rb:27:in `call'
  actionpack (4.0.0) lib/action_dispatch/middleware/flash.rb:241:in `call'
  rack (1.5.5) lib/rack/session/abstract/id.rb:225:in `context'
  rack (1.5.5) lib/rack/session/abstract/id.rb:220:in `call'
  actionpack (4.0.0) lib/action_dispatch/middleware/cookies.rb:486:in `call'
  activerecord (4.0.0) lib/active_record/query_cache.rb:36:in `call'
  activerecord (4.0.0) lib/active_record/connection_adapters/abstract/connection_pool.rb:626:in `call'
  activerecord (4.0.0) lib/active_record/migration.rb:369:in `call'
  actionpack (4.0.0) lib/action_dispatch/middleware/callbacks.rb:29:in `block in call'
  activesupport (4.0.0) lib/active_support/callbacks.rb:373:in `_run__1008219917__call__callbacks'
  activesupport (4.0.0) lib/active_support/callbacks.rb:80:in `run_callbacks'
  actionpack (4.0.0) lib/action_dispatch/middleware/callbacks.rb:27:in `call'
  actionpack (4.0.0) lib/action_dispatch/middleware/reloader.rb:64:in `call'
  actionpack (4.0.0) lib/action_dispatch/middleware/remote_ip.rb:76:in `call'
  actionpack (4.0.0) lib/action_dispatch/middleware/debug_exceptions.rb:17:in `call'
  actionpack (4.0.0) lib/action_dispatch/middleware/show_exceptions.rb:30:in `call'
  railties (4.0.0) lib/rails/rack/logger.rb:38:in `call_app'
  railties (4.0.0) lib/rails/rack/logger.rb:21:in `block in call'
  activesupport (4.0.0) lib/active_support/tagged_logging.rb:67:in `block in tagged'
  activesupport (4.0.0) lib/active_support/tagged_logging.rb:25:in `tagged'
  activesupport (4.0.0) lib/active_support/tagged_logging.rb:67:in `tagged'
  railties (4.0.0) lib/rails/rack/logger.rb:21:in `call'
  actionpack (4.0.0) lib/action_dispatch/middleware/request_id.rb:21:in `call'
  rack (1.5.5) lib/rack/methodoverride.rb:21:in `call'
  rack (1.5.5) lib/rack/runtime.rb:17:in `call'
  activesupport (4.0.0) lib/active_support/cache/strategy/local_cache.rb:83:in `call'
  rack (1.5.5) lib/rack/lock.rb:17:in `call'
  actionpack (4.0.0) lib/action_dispatch/middleware/static.rb:64:in `call'
  railties (4.0.0) lib/rails/engine.rb:511:in `call'
  railties (4.0.0) lib/rails/application.rb:97:in `call'
  rack (1.5.5) lib/rack/lock.rb:17:in `call'
  rack (1.5.5) lib/rack/content_length.rb:14:in `call'
  rack (1.5.5) lib/rack/handler/webrick.rb:60:in `service'
  /usr/local/rvm/rubies/ruby-2.1.3/lib/ruby/2.1.0/webrick/httpserver.rb:138:in `service'
  /usr/local/rvm/rubies/ruby-2.1.3/lib/ruby/2.1.0/webrick/httpserver.rb:94:in `run'
  /usr/local/rvm/rubies/ruby-2.1.3/lib/ruby/2.1.0/webrick/server.rb:295:in `block in start_thread'


  Rendered /usr/local/rvm/gems/ruby-2.1.3/gems/actionpack-4.0.0/lib/action_dispatch/middleware/templates/rescues/missing_template.erb within rescues/layout (5.3ms)


Started GET "/posts" for 10.0.2.2 at 2015-07-18 03:00:45 +0000
Processing by PostsController#index as HTML
  Rendered posts/index.html.erb within layouts/application (5.2ms)
Completed 200 OK in 655ms (Views: 630.5ms | ActiveRecord: 0.0ms)


Started GET "/assets/application.css?body=1" for 10.0.2.2 at 2015-07-18 03:00:47 +0000


Started GET "/assets/application.js?body=1" for 10.0.2.2 at 2015-07-18 03:00:47 +0000


Started GET "/assets/turbolinks.js?body=1" for 10.0.2.2 at 2015-07-18 03:00:47 +0000


Started GET "/assets/jquery_ujs.js?body=1" for 10.0.2.2 at 2015-07-18 03:00:47 +0000


Started GET "/assets/jquery.js?body=1" for 10.0.2.2 at 2015-07-18 03:00:47 +0000


Started GET "/" for 10.0.2.2 at 2015-07-20 19:37:58 +0000
Processing by Rails::WelcomeController#index as HTML
  Rendered /usr/local/rvm/gems/ruby-2.1.3/gems/railties-4.0.0/lib/rails/templates/rails/welcome/index.html.erb (8.8ms)
Completed 200 OK in 100ms (Views: 62.5ms | ActiveRecord: 0.0ms)


Started GET "/" for 10.0.2.2 at 2015-07-20 19:37:59 +0000
Processing by Rails::WelcomeController#index as HTML
  Rendered /usr/local/rvm/gems/ruby-2.1.3/gems/railties-4.0.0/lib/rails/templates/rails/welcome/index.html.erb (0.1ms)
Completed 200 OK in 5ms (Views: 4.3ms | ActiveRecord: 0.0ms)


Started GET "/rails/info/properties" for 10.0.2.2 at 2015-07-20 19:38:03 +0000
Processing by Rails::InfoController#properties as */*
  Rendered /usr/local/rvm/gems/ruby-2.1.3/gems/railties-4.0.0/lib/rails/templates/rails/info/properties.html.erb (0.4ms)
Completed 200 OK in 50ms (Views: 18.0ms | ActiveRecord: 11.1ms)


Started GET "/posts" for 10.0.2.2 at 2015-07-20 20:08:44 +0000

SyntaxError (/vagrant/w5d1/lighthouse_forum/app/controllers/posts_controller.rb:7: syntax error, unexpected tIDENTIFIER, expecting '}'
        author: "Dyrus"
              ^
/vagrant/w5d1/lighthouse_forum/app/controllers/posts_controller.rb:8: syntax error, unexpected ':', expecting keyword_end
        text: <<-eos.gsub(/\s+/, " ").strip
             ^
/vagrant/w5d1/lighthouse_forum/app/controllers/posts_controller.rb:11: syntax error, unexpected '}', expecting keyword_end
      },
       ^
/vagrant/w5d1/lighthouse_forum/app/controllers/posts_controller.rb:14: syntax error, unexpected tIDENTIFIER, expecting '}'
        author: "A C9 fan"
              ^
/vagrant/w5d1/lighthouse_forum/app/controllers/posts_controller.rb:15: syntax error, unexpected ':', expecting keyword_end
        text: <<-eos.gsub(/\s+/, " ").strip
             ^
/vagrant/w5d1/lighthouse_forum/app/controllers/posts_controller.rb:20: syntax error, unexpected '}', expecting keyword_end
      },
       ^
/vagrant/w5d1/lighthouse_forum/app/controllers/posts_controller.rb:23: syntax error, unexpected tIDENTIFIER, expecting '}'
        author: "an EU fan"
              ^
/vagrant/w5d1/lighthouse_forum/app/controllers/posts_controller.rb:24: syntax error, unexpected ':', expecting keyword_end
        text: <<-eos.gsub(/\s+/, " ").strip
             ^
/vagrant/w5d1/lighthouse_forum/app/controllers/posts_controller.rb:27: syntax error, unexpected '}', expecting keyword_end):
  activesupport (4.0.0) lib/active_support/dependencies.rb:423:in `load'
  activesupport (4.0.0) lib/active_support/dependencies.rb:423:in `block in load_file'
  activesupport (4.0.0) lib/active_support/dependencies.rb:615:in `new_constants_in'
  activesupport (4.0.0) lib/active_support/dependencies.rb:422:in `load_file'
  activesupport (4.0.0) lib/active_support/dependencies.rb:323:in `require_or_load'
  activesupport (4.0.0) lib/active_support/dependencies.rb:462:in `load_missing_constant'
  activesupport (4.0.0) lib/active_support/dependencies.rb:183:in `const_missing'
  activesupport (4.0.0) lib/active_support/inflector/methods.rb:226:in `const_get'
  activesupport (4.0.0) lib/active_support/inflector/methods.rb:226:in `block in constantize'
  activesupport (4.0.0) lib/active_support/inflector/methods.rb:224:in `each'
  activesupport (4.0.0) lib/active_support/inflector/methods.rb:224:in `inject'
  activesupport (4.0.0) lib/active_support/inflector/methods.rb:224:in `constantize'
  activesupport (4.0.0) lib/active_support/dependencies.rb:534:in `get'
  activesupport (4.0.0) lib/active_support/dependencies.rb:565:in `constantize'
  actionpack (4.0.0) lib/action_dispatch/routing/route_set.rb:76:in `controller_reference'
  actionpack (4.0.0) lib/action_dispatch/routing/route_set.rb:66:in `controller'
  actionpack (4.0.0) lib/action_dispatch/routing/route_set.rb:44:in `call'
  actionpack (4.0.0) lib/action_dispatch/journey/router.rb:71:in `block in call'
  actionpack (4.0.0) lib/action_dispatch/journey/router.rb:59:in `each'
  actionpack (4.0.0) lib/action_dispatch/journey/router.rb:59:in `call'
  actionpack (4.0.0) lib/action_dispatch/routing/route_set.rb:655:in `call'
  rack (1.5.5) lib/rack/etag.rb:23:in `call'
  rack (1.5.5) lib/rack/conditionalget.rb:25:in `call'
  rack (1.5.5) lib/rack/head.rb:11:in `call'
  actionpack (4.0.0) lib/action_dispatch/middleware/params_parser.rb:27:in `call'
  actionpack (4.0.0) lib/action_dispatch/middleware/flash.rb:241:in `call'
  rack (1.5.5) lib/rack/session/abstract/id.rb:225:in `context'
  rack (1.5.5) lib/rack/session/abstract/id.rb:220:in `call'
  actionpack (4.0.0) lib/action_dispatch/middleware/cookies.rb:486:in `call'
  activerecord (4.0.0) lib/active_record/query_cache.rb:36:in `call'
  activerecord (4.0.0) lib/active_record/connection_adapters/abstract/connection_pool.rb:626:in `call'
  activerecord (4.0.0) lib/active_record/migration.rb:369:in `call'
  actionpack (4.0.0) lib/action_dispatch/middleware/callbacks.rb:29:in `block in call'
  activesupport (4.0.0) lib/active_support/callbacks.rb:373:in `_run__253117234__call__callbacks'
  activesupport (4.0.0) lib/active_support/callbacks.rb:80:in `run_callbacks'
  actionpack (4.0.0) lib/action_dispatch/middleware/callbacks.rb:27:in `call'
  actionpack (4.0.0) lib/action_dispatch/middleware/reloader.rb:64:in `call'
  actionpack (4.0.0) lib/action_dispatch/middleware/remote_ip.rb:76:in `call'
  actionpack (4.0.0) lib/action_dispatch/middleware/debug_exceptions.rb:17:in `call'
  actionpack (4.0.0) lib/action_dispatch/middleware/show_exceptions.rb:30:in `call'
  railties (4.0.0) lib/rails/rack/logger.rb:38:in `call_app'
  railties (4.0.0) lib/rails/rack/logger.rb:21:in `block in call'
  activesupport (4.0.0) lib/active_support/tagged_logging.rb:67:in `block in tagged'
  activesupport (4.0.0) lib/active_support/tagged_logging.rb:25:in `tagged'
  activesupport (4.0.0) lib/active_support/tagged_logging.rb:67:in `tagged'
  railties (4.0.0) lib/rails/rack/logger.rb:21:in `call'
  actionpack (4.0.0) lib/action_dispatch/middleware/request_id.rb:21:in `call'
  rack (1.5.5) lib/rack/methodoverride.rb:21:in `call'
  rack (1.5.5) lib/rack/runtime.rb:17:in `call'
  activesupport (4.0.0) lib/active_support/cache/strategy/local_cache.rb:83:in `call'
  rack (1.5.5) lib/rack/lock.rb:17:in `call'
  actionpack (4.0.0) lib/action_dispatch/middleware/static.rb:64:in `call'
  railties (4.0.0) lib/rails/engine.rb:511:in `call'
  railties (4.0.0) lib/rails/application.rb:97:in `call'
  rack (1.5.5) lib/rack/lock.rb:17:in `call'
  rack (1.5.5) lib/rack/content_length.rb:14:in `call'
  rack (1.5.5) lib/rack/handler/webrick.rb:60:in `service'
  /usr/local/rvm/rubies/ruby-2.1.3/lib/ruby/2.1.0/webrick/httpserver.rb:138:in `service'
  /usr/local/rvm/rubies/ruby-2.1.3/lib/ruby/2.1.0/webrick/httpserver.rb:94:in `run'
  /usr/local/rvm/rubies/ruby-2.1.3/lib/ruby/2.1.0/webrick/server.rb:295:in `block in start_thread'


  Rendered /usr/local/rvm/gems/ruby-2.1.3/gems/actionpack-4.0.0/lib/action_dispatch/middleware/templates/rescues/_source.erb (0.8ms)
  Rendered /usr/local/rvm/gems/ruby-2.1.3/gems/actionpack-4.0.0/lib/action_dispatch/middleware/templates/rescues/_trace.erb (2.5ms)
  Rendered /usr/local/rvm/gems/ruby-2.1.3/gems/actionpack-4.0.0/lib/action_dispatch/middleware/templates/rescues/_request_and_response.erb (2.0ms)
  Rendered /usr/local/rvm/gems/ruby-2.1.3/gems/actionpack-4.0.0/lib/action_dispatch/middleware/templates/rescues/diagnostics.erb within rescues/layout (30.0ms)


Started GET "/posts" for 10.0.2.2 at 2015-07-20 20:08:56 +0000

SyntaxError (/vagrant/w5d1/lighthouse_forum/app/controllers/posts_controller.rb:7: syntax error, unexpected tIDENTIFIER, expecting '}'
        author: "Dyrus"
              ^
/vagrant/w5d1/lighthouse_forum/app/controllers/posts_controller.rb:8: syntax error, unexpected ':', expecting keyword_end
        text: <<-eos.gsub(/\s+/, " ").strip
             ^
/vagrant/w5d1/lighthouse_forum/app/controllers/posts_controller.rb:11: syntax error, unexpected '}', expecting keyword_end
      },
       ^
/vagrant/w5d1/lighthouse_forum/app/controllers/posts_controller.rb:14: syntax error, unexpected tIDENTIFIER, expecting '}'
        author: "A C9 fan"
              ^
/vagrant/w5d1/lighthouse_forum/app/controllers/posts_controller.rb:15: syntax error, unexpected ':', expecting keyword_end
        text: <<-eos.gsub(/\s+/, " ").strip
             ^
/vagrant/w5d1/lighthouse_forum/app/controllers/posts_controller.rb:20: syntax error, unexpected '}', expecting keyword_end
      },
       ^
/vagrant/w5d1/lighthouse_forum/app/controllers/posts_controller.rb:23: syntax error, unexpected tIDENTIFIER, expecting '}'
        author: "an EU fan"
              ^
/vagrant/w5d1/lighthouse_forum/app/controllers/posts_controller.rb:24: syntax error, unexpected ':', expecting keyword_end
        text: <<-eos.gsub(/\s+/, " ").strip
             ^
/vagrant/w5d1/lighthouse_forum/app/controllers/posts_controller.rb:27: syntax error, unexpected '}', expecting keyword_end):
  activesupport (4.0.0) lib/active_support/dependencies.rb:423:in `load'
  activesupport (4.0.0) lib/active_support/dependencies.rb:423:in `block in load_file'
  activesupport (4.0.0) lib/active_support/dependencies.rb:615:in `new_constants_in'
  activesupport (4.0.0) lib/active_support/dependencies.rb:422:in `load_file'
  activesupport (4.0.0) lib/active_support/dependencies.rb:323:in `require_or_load'
  activesupport (4.0.0) lib/active_support/dependencies.rb:462:in `load_missing_constant'
  activesupport (4.0.0) lib/active_support/dependencies.rb:183:in `const_missing'
  activesupport (4.0.0) lib/active_support/inflector/methods.rb:226:in `const_get'
  activesupport (4.0.0) lib/active_support/inflector/methods.rb:226:in `block in constantize'
  activesupport (4.0.0) lib/active_support/inflector/methods.rb:224:in `each'
  activesupport (4.0.0) lib/active_support/inflector/methods.rb:224:in `inject'
  activesupport (4.0.0) lib/active_support/inflector/methods.rb:224:in `constantize'
  activesupport (4.0.0) lib/active_support/dependencies.rb:534:in `get'
  activesupport (4.0.0) lib/active_support/dependencies.rb:565:in `constantize'
  actionpack (4.0.0) lib/action_dispatch/routing/route_set.rb:76:in `controller_reference'
  actionpack (4.0.0) lib/action_dispatch/routing/route_set.rb:66:in `controller'
  actionpack (4.0.0) lib/action_dispatch/routing/route_set.rb:44:in `call'
  actionpack (4.0.0) lib/action_dispatch/journey/router.rb:71:in `block in call'
  actionpack (4.0.0) lib/action_dispatch/journey/router.rb:59:in `each'
  actionpack (4.0.0) lib/action_dispatch/journey/router.rb:59:in `call'
  actionpack (4.0.0) lib/action_dispatch/routing/route_set.rb:655:in `call'
  rack (1.5.5) lib/rack/etag.rb:23:in `call'
  rack (1.5.5) lib/rack/conditionalget.rb:25:in `call'
  rack (1.5.5) lib/rack/head.rb:11:in `call'
  actionpack (4.0.0) lib/action_dispatch/middleware/params_parser.rb:27:in `call'
  actionpack (4.0.0) lib/action_dispatch/middleware/flash.rb:241:in `call'
  rack (1.5.5) lib/rack/session/abstract/id.rb:225:in `context'
  rack (1.5.5) lib/rack/session/abstract/id.rb:220:in `call'
  actionpack (4.0.0) lib/action_dispatch/middleware/cookies.rb:486:in `call'
  activerecord (4.0.0) lib/active_record/query_cache.rb:36:in `call'
  activerecord (4.0.0) lib/active_record/connection_adapters/abstract/connection_pool.rb:626:in `call'
  activerecord (4.0.0) lib/active_record/migration.rb:369:in `call'
  actionpack (4.0.0) lib/action_dispatch/middleware/callbacks.rb:29:in `block in call'
  activesupport (4.0.0) lib/active_support/callbacks.rb:373:in `_run__253117234__call__callbacks'
  activesupport (4.0.0) lib/active_support/callbacks.rb:80:in `run_callbacks'
  actionpack (4.0.0) lib/action_dispatch/middleware/callbacks.rb:27:in `call'
  actionpack (4.0.0) lib/action_dispatch/middleware/reloader.rb:64:in `call'
  actionpack (4.0.0) lib/action_dispatch/middleware/remote_ip.rb:76:in `call'
  actionpack (4.0.0) lib/action_dispatch/middleware/debug_exceptions.rb:17:in `call'
  actionpack (4.0.0) lib/action_dispatch/middleware/show_exceptions.rb:30:in `call'
  railties (4.0.0) lib/rails/rack/logger.rb:38:in `call_app'
  railties (4.0.0) lib/rails/rack/logger.rb:21:in `block in call'
  activesupport (4.0.0) lib/active_support/tagged_logging.rb:67:in `block in tagged'
  activesupport (4.0.0) lib/active_support/tagged_logging.rb:25:in `tagged'
  activesupport (4.0.0) lib/active_support/tagged_logging.rb:67:in `tagged'
  railties (4.0.0) lib/rails/rack/logger.rb:21:in `call'
  actionpack (4.0.0) lib/action_dispatch/middleware/request_id.rb:21:in `call'
  rack (1.5.5) lib/rack/methodoverride.rb:21:in `call'
  rack (1.5.5) lib/rack/runtime.rb:17:in `call'
  activesupport (4.0.0) lib/active_support/cache/strategy/local_cache.rb:83:in `call'
  rack (1.5.5) lib/rack/lock.rb:17:in `call'
  actionpack (4.0.0) lib/action_dispatch/middleware/static.rb:64:in `call'
  railties (4.0.0) lib/rails/engine.rb:511:in `call'
  railties (4.0.0) lib/rails/application.rb:97:in `call'
  rack (1.5.5) lib/rack/lock.rb:17:in `call'
  rack (1.5.5) lib/rack/content_length.rb:14:in `call'
  rack (1.5.5) lib/rack/handler/webrick.rb:60:in `service'
  /usr/local/rvm/rubies/ruby-2.1.3/lib/ruby/2.1.0/webrick/httpserver.rb:138:in `service'
  /usr/local/rvm/rubies/ruby-2.1.3/lib/ruby/2.1.0/webrick/httpserver.rb:94:in `run'
  /usr/local/rvm/rubies/ruby-2.1.3/lib/ruby/2.1.0/webrick/server.rb:295:in `block in start_thread'


  Rendered /usr/local/rvm/gems/ruby-2.1.3/gems/actionpack-4.0.0/lib/action_dispatch/middleware/templates/rescues/_source.erb (0.4ms)
  Rendered /usr/local/rvm/gems/ruby-2.1.3/gems/actionpack-4.0.0/lib/action_dispatch/middleware/templates/rescues/_trace.erb (1.6ms)
  Rendered /usr/local/rvm/gems/ruby-2.1.3/gems/actionpack-4.0.0/lib/action_dispatch/middleware/templates/rescues/_request_and_response.erb (1.1ms)
  Rendered /usr/local/rvm/gems/ruby-2.1.3/gems/actionpack-4.0.0/lib/action_dispatch/middleware/templates/rescues/diagnostics.erb within rescues/layout (18.1ms)


Started GET "/posts" for 10.0.2.2 at 2015-07-20 20:09:30 +0000

SyntaxError (/vagrant/w5d1/lighthouse_forum/app/controllers/posts_controller.rb:7: syntax error, unexpected tIDENTIFIER, expecting '}'
        author: "Dyrus"
              ^
/vagrant/w5d1/lighthouse_forum/app/controllers/posts_controller.rb:8: syntax error, unexpected ':', expecting keyword_end
        text: <<-eos.gsub(/\s+/, " ").strip
             ^
/vagrant/w5d1/lighthouse_forum/app/controllers/posts_controller.rb:11: syntax error, unexpected '}', expecting keyword_end
      },
       ^
/vagrant/w5d1/lighthouse_forum/app/controllers/posts_controller.rb:14: syntax error, unexpected tIDENTIFIER, expecting '}'
        author: "A C9 fan"
              ^
/vagrant/w5d1/lighthouse_forum/app/controllers/posts_controller.rb:15: syntax error, unexpected ':', expecting keyword_end
        text: <<-eos.gsub(/\s+/, " ").strip
             ^
/vagrant/w5d1/lighthouse_forum/app/controllers/posts_controller.rb:20: syntax error, unexpected '}', expecting keyword_end
      },
       ^
/vagrant/w5d1/lighthouse_forum/app/controllers/posts_controller.rb:23: syntax error, unexpected tIDENTIFIER, expecting '}'
        author: "an EU fan"
              ^
/vagrant/w5d1/lighthouse_forum/app/controllers/posts_controller.rb:24: syntax error, unexpected ':', expecting keyword_end
        text: <<-eos.gsub(/\s+/, " ").strip
             ^
/vagrant/w5d1/lighthouse_forum/app/controllers/posts_controller.rb:27: syntax error, unexpected '}', expecting keyword_end):
  activesupport (4.0.0) lib/active_support/dependencies.rb:423:in `load'
  activesupport (4.0.0) lib/active_support/dependencies.rb:423:in `block in load_file'
  activesupport (4.0.0) lib/active_support/dependencies.rb:615:in `new_constants_in'
  activesupport (4.0.0) lib/active_support/dependencies.rb:422:in `load_file'
  activesupport (4.0.0) lib/active_support/dependencies.rb:323:in `require_or_load'
  activesupport (4.0.0) lib/active_support/dependencies.rb:462:in `load_missing_constant'
  activesupport (4.0.0) lib/active_support/dependencies.rb:183:in `const_missing'
  activesupport (4.0.0) lib/active_support/inflector/methods.rb:226:in `const_get'
  activesupport (4.0.0) lib/active_support/inflector/methods.rb:226:in `block in constantize'
  activesupport (4.0.0) lib/active_support/inflector/methods.rb:224:in `each'
  activesupport (4.0.0) lib/active_support/inflector/methods.rb:224:in `inject'
  activesupport (4.0.0) lib/active_support/inflector/methods.rb:224:in `constantize'
  activesupport (4.0.0) lib/active_support/dependencies.rb:534:in `get'
  activesupport (4.0.0) lib/active_support/dependencies.rb:565:in `constantize'
  actionpack (4.0.0) lib/action_dispatch/routing/route_set.rb:76:in `controller_reference'
  actionpack (4.0.0) lib/action_dispatch/routing/route_set.rb:66:in `controller'
  actionpack (4.0.0) lib/action_dispatch/routing/route_set.rb:44:in `call'
  actionpack (4.0.0) lib/action_dispatch/journey/router.rb:71:in `block in call'
  actionpack (4.0.0) lib/action_dispatch/journey/router.rb:59:in `each'
  actionpack (4.0.0) lib/action_dispatch/journey/router.rb:59:in `call'
  actionpack (4.0.0) lib/action_dispatch/routing/route_set.rb:655:in `call'
  rack (1.5.5) lib/rack/etag.rb:23:in `call'
  rack (1.5.5) lib/rack/conditionalget.rb:25:in `call'
  rack (1.5.5) lib/rack/head.rb:11:in `call'
  actionpack (4.0.0) lib/action_dispatch/middleware/params_parser.rb:27:in `call'
  actionpack (4.0.0) lib/action_dispatch/middleware/flash.rb:241:in `call'
  rack (1.5.5) lib/rack/session/abstract/id.rb:225:in `context'
  rack (1.5.5) lib/rack/session/abstract/id.rb:220:in `call'
  actionpack (4.0.0) lib/action_dispatch/middleware/cookies.rb:486:in `call'
  activerecord (4.0.0) lib/active_record/query_cache.rb:36:in `call'
  activerecord (4.0.0) lib/active_record/connection_adapters/abstract/connection_pool.rb:626:in `call'
  activerecord (4.0.0) lib/active_record/migration.rb:369:in `call'
  actionpack (4.0.0) lib/action_dispatch/middleware/callbacks.rb:29:in `block in call'
  activesupport (4.0.0) lib/active_support/callbacks.rb:373:in `_run__253117234__call__callbacks'
  activesupport (4.0.0) lib/active_support/callbacks.rb:80:in `run_callbacks'
  actionpack (4.0.0) lib/action_dispatch/middleware/callbacks.rb:27:in `call'
  actionpack (4.0.0) lib/action_dispatch/middleware/reloader.rb:64:in `call'
  actionpack (4.0.0) lib/action_dispatch/middleware/remote_ip.rb:76:in `call'
  actionpack (4.0.0) lib/action_dispatch/middleware/debug_exceptions.rb:17:in `call'
  actionpack (4.0.0) lib/action_dispatch/middleware/show_exceptions.rb:30:in `call'
  railties (4.0.0) lib/rails/rack/logger.rb:38:in `call_app'
  railties (4.0.0) lib/rails/rack/logger.rb:21:in `block in call'
  activesupport (4.0.0) lib/active_support/tagged_logging.rb:67:in `block in tagged'
  activesupport (4.0.0) lib/active_support/tagged_logging.rb:25:in `tagged'
  activesupport (4.0.0) lib/active_support/tagged_logging.rb:67:in `tagged'
  railties (4.0.0) lib/rails/rack/logger.rb:21:in `call'
  actionpack (4.0.0) lib/action_dispatch/middleware/request_id.rb:21:in `call'
  rack (1.5.5) lib/rack/methodoverride.rb:21:in `call'
  rack (1.5.5) lib/rack/runtime.rb:17:in `call'
  activesupport (4.0.0) lib/active_support/cache/strategy/local_cache.rb:83:in `call'
  rack (1.5.5) lib/rack/lock.rb:17:in `call'
  actionpack (4.0.0) lib/action_dispatch/middleware/static.rb:64:in `call'
  railties (4.0.0) lib/rails/engine.rb:511:in `call'
  railties (4.0.0) lib/rails/application.rb:97:in `call'
  rack (1.5.5) lib/rack/lock.rb:17:in `call'
  rack (1.5.5) lib/rack/content_length.rb:14:in `call'
  rack (1.5.5) lib/rack/handler/webrick.rb:60:in `service'
  /usr/local/rvm/rubies/ruby-2.1.3/lib/ruby/2.1.0/webrick/httpserver.rb:138:in `service'
  /usr/local/rvm/rubies/ruby-2.1.3/lib/ruby/2.1.0/webrick/httpserver.rb:94:in `run'
  /usr/local/rvm/rubies/ruby-2.1.3/lib/ruby/2.1.0/webrick/server.rb:295:in `block in start_thread'


  Rendered /usr/local/rvm/gems/ruby-2.1.3/gems/actionpack-4.0.0/lib/action_dispatch/middleware/templates/rescues/_source.erb (0.7ms)
  Rendered /usr/local/rvm/gems/ruby-2.1.3/gems/actionpack-4.0.0/lib/action_dispatch/middleware/templates/rescues/_trace.erb (0.6ms)
  Rendered /usr/local/rvm/gems/ruby-2.1.3/gems/actionpack-4.0.0/lib/action_dispatch/middleware/templates/rescues/_request_and_response.erb (5.1ms)
  Rendered /usr/local/rvm/gems/ruby-2.1.3/gems/actionpack-4.0.0/lib/action_dispatch/middleware/templates/rescues/diagnostics.erb within rescues/layout (22.1ms)


Started GET "/posts" for 10.0.2.2 at 2015-07-20 20:10:33 +0000

SyntaxError (/vagrant/w5d1/lighthouse_forum/app/controllers/posts_controller.rb:7: syntax error, unexpected tIDENTIFIER, expecting '}'
        author: "Dyrus"
              ^
/vagrant/w5d1/lighthouse_forum/app/controllers/posts_controller.rb:8: syntax error, unexpected ':', expecting keyword_end
        text: <<-eos.gsub(/\s+/, " ").strip
             ^
/vagrant/w5d1/lighthouse_forum/app/controllers/posts_controller.rb:11: syntax error, unexpected '}', expecting keyword_end
      },
       ^
/vagrant/w5d1/lighthouse_forum/app/controllers/posts_controller.rb:14: syntax error, unexpected tIDENTIFIER, expecting '}'
        author: "A C9 fan"
              ^
/vagrant/w5d1/lighthouse_forum/app/controllers/posts_controller.rb:15: syntax error, unexpected ':', expecting keyword_end
        text: <<-eos.gsub(/\s+/, " ").strip
             ^
/vagrant/w5d1/lighthouse_forum/app/controllers/posts_controller.rb:20: syntax error, unexpected '}', expecting keyword_end
      },
       ^
/vagrant/w5d1/lighthouse_forum/app/controllers/posts_controller.rb:23: syntax error, unexpected tIDENTIFIER, expecting '}'
        author: "an EU fan"
              ^
/vagrant/w5d1/lighthouse_forum/app/controllers/posts_controller.rb:24: syntax error, unexpected ':', expecting keyword_end
        text: <<-eos.gsub(/\s+/, " ").strip
             ^
/vagrant/w5d1/lighthouse_forum/app/controllers/posts_controller.rb:27: syntax error, unexpected '}', expecting keyword_end):
  activesupport (4.0.0) lib/active_support/dependencies.rb:423:in `load'
  activesupport (4.0.0) lib/active_support/dependencies.rb:423:in `block in load_file'
  activesupport (4.0.0) lib/active_support/dependencies.rb:615:in `new_constants_in'
  activesupport (4.0.0) lib/active_support/dependencies.rb:422:in `load_file'
  activesupport (4.0.0) lib/active_support/dependencies.rb:323:in `require_or_load'
  activesupport (4.0.0) lib/active_support/dependencies.rb:462:in `load_missing_constant'
  activesupport (4.0.0) lib/active_support/dependencies.rb:183:in `const_missing'
  activesupport (4.0.0) lib/active_support/inflector/methods.rb:226:in `const_get'
  activesupport (4.0.0) lib/active_support/inflector/methods.rb:226:in `block in constantize'
  activesupport (4.0.0) lib/active_support/inflector/methods.rb:224:in `each'
  activesupport (4.0.0) lib/active_support/inflector/methods.rb:224:in `inject'
  activesupport (4.0.0) lib/active_support/inflector/methods.rb:224:in `constantize'
  activesupport (4.0.0) lib/active_support/dependencies.rb:534:in `get'
  activesupport (4.0.0) lib/active_support/dependencies.rb:565:in `constantize'
  actionpack (4.0.0) lib/action_dispatch/routing/route_set.rb:76:in `controller_reference'
  actionpack (4.0.0) lib/action_dispatch/routing/route_set.rb:66:in `controller'
  actionpack (4.0.0) lib/action_dispatch/routing/route_set.rb:44:in `call'
  actionpack (4.0.0) lib/action_dispatch/journey/router.rb:71:in `block in call'
  actionpack (4.0.0) lib/action_dispatch/journey/router.rb:59:in `each'
  actionpack (4.0.0) lib/action_dispatch/journey/router.rb:59:in `call'
  actionpack (4.0.0) lib/action_dispatch/routing/route_set.rb:655:in `call'
  rack (1.5.5) lib/rack/etag.rb:23:in `call'
  rack (1.5.5) lib/rack/conditionalget.rb:25:in `call'
  rack (1.5.5) lib/rack/head.rb:11:in `call'
  actionpack (4.0.0) lib/action_dispatch/middleware/params_parser.rb:27:in `call'
  actionpack (4.0.0) lib/action_dispatch/middleware/flash.rb:241:in `call'
  rack (1.5.5) lib/rack/session/abstract/id.rb:225:in `context'
  rack (1.5.5) lib/rack/session/abstract/id.rb:220:in `call'
  actionpack (4.0.0) lib/action_dispatch/middleware/cookies.rb:486:in `call'
  activerecord (4.0.0) lib/active_record/query_cache.rb:36:in `call'
  activerecord (4.0.0) lib/active_record/connection_adapters/abstract/connection_pool.rb:626:in `call'
  activerecord (4.0.0) lib/active_record/migration.rb:369:in `call'
  actionpack (4.0.0) lib/action_dispatch/middleware/callbacks.rb:29:in `block in call'
  activesupport (4.0.0) lib/active_support/callbacks.rb:373:in `_run__253117234__call__callbacks'
  activesupport (4.0.0) lib/active_support/callbacks.rb:80:in `run_callbacks'
  actionpack (4.0.0) lib/action_dispatch/middleware/callbacks.rb:27:in `call'
  actionpack (4.0.0) lib/action_dispatch/middleware/reloader.rb:64:in `call'
  actionpack (4.0.0) lib/action_dispatch/middleware/remote_ip.rb:76:in `call'
  actionpack (4.0.0) lib/action_dispatch/middleware/debug_exceptions.rb:17:in `call'
  actionpack (4.0.0) lib/action_dispatch/middleware/show_exceptions.rb:30:in `call'
  railties (4.0.0) lib/rails/rack/logger.rb:38:in `call_app'
  railties (4.0.0) lib/rails/rack/logger.rb:21:in `block in call'
  activesupport (4.0.0) lib/active_support/tagged_logging.rb:67:in `block in tagged'
  activesupport (4.0.0) lib/active_support/tagged_logging.rb:25:in `tagged'
  activesupport (4.0.0) lib/active_support/tagged_logging.rb:67:in `tagged'
  railties (4.0.0) lib/rails/rack/logger.rb:21:in `call'
  actionpack (4.0.0) lib/action_dispatch/middleware/request_id.rb:21:in `call'
  rack (1.5.5) lib/rack/methodoverride.rb:21:in `call'
  rack (1.5.5) lib/rack/runtime.rb:17:in `call'
  activesupport (4.0.0) lib/active_support/cache/strategy/local_cache.rb:83:in `call'
  rack (1.5.5) lib/rack/lock.rb:17:in `call'
  actionpack (4.0.0) lib/action_dispatch/middleware/static.rb:64:in `call'
  railties (4.0.0) lib/rails/engine.rb:511:in `call'
  railties (4.0.0) lib/rails/application.rb:97:in `call'
  rack (1.5.5) lib/rack/lock.rb:17:in `call'
  rack (1.5.5) lib/rack/content_length.rb:14:in `call'
  rack (1.5.5) lib/rack/handler/webrick.rb:60:in `service'
  /usr/local/rvm/rubies/ruby-2.1.3/lib/ruby/2.1.0/webrick/httpserver.rb:138:in `service'
  /usr/local/rvm/rubies/ruby-2.1.3/lib/ruby/2.1.0/webrick/httpserver.rb:94:in `run'
  /usr/local/rvm/rubies/ruby-2.1.3/lib/ruby/2.1.0/webrick/server.rb:295:in `block in start_thread'


  Rendered /usr/local/rvm/gems/ruby-2.1.3/gems/actionpack-4.0.0/lib/action_dispatch/middleware/templates/rescues/_source.erb (1.3ms)
  Rendered /usr/local/rvm/gems/ruby-2.1.3/gems/actionpack-4.0.0/lib/action_dispatch/middleware/templates/rescues/_trace.erb (1.5ms)
  Rendered /usr/local/rvm/gems/ruby-2.1.3/gems/actionpack-4.0.0/lib/action_dispatch/middleware/templates/rescues/_request_and_response.erb (1.8ms)
  Rendered /usr/local/rvm/gems/ruby-2.1.3/gems/actionpack-4.0.0/lib/action_dispatch/middleware/templates/rescues/diagnostics.erb within rescues/layout (29.0ms)


Started GET "/posts" for 10.0.2.2 at 2015-07-20 20:11:23 +0000
Processing by PostsController#index as HTML
  Rendered posts/index.html.erb within layouts/application (24.8ms)
Completed 500 Internal Server Error in 108ms

ActionView::Template::Error (undefined method `each' for nil:NilClass):
    1: <h1>LCS forum</h1>
    2: <hr>
    3: <% @posts.each do |post|%>
    4:   <h2><%= post[:title]%></h2>
    5:   <p><%= post[:text]%></p>
    6:   <small>- <%= post[:author]%></p>
  app/views/posts/index.html.erb:3:in `_app_views_posts_index_html_erb___277862814_95724950'


  Rendered /usr/local/rvm/gems/ruby-2.1.3/gems/actionpack-4.0.0/lib/action_dispatch/middleware/templates/rescues/_trace.erb (1.4ms)
  Rendered /usr/local/rvm/gems/ruby-2.1.3/gems/actionpack-4.0.0/lib/action_dispatch/middleware/templates/rescues/_request_and_response.erb (1.2ms)
  Rendered /usr/local/rvm/gems/ruby-2.1.3/gems/actionpack-4.0.0/lib/action_dispatch/middleware/templates/rescues/template_error.erb within rescues/layout (13.3ms)


Started GET "/posts" for 10.0.2.2 at 2015-07-20 20:12:08 +0000
Processing by PostsController#index as HTML
  Rendered posts/index.html.erb within layouts/application (38.8ms)
Completed 500 Internal Server Error in 110ms

ActionView::Template::Error (undefined method `each' for nil:NilClass):
    1: <h1>LCS forum</h1>
    2: <hr>
    3: <% @posts.each do |post| %>
    4:   <h2><%= post[:title] %></h2>
    5:   <p><%= post[:text] %></p>
    6:   <small>- <%= post[:author] %></p>
  app/views/posts/index.html.erb:3:in `_app_views_posts_index_html_erb___277862814_94558110'


  Rendered /usr/local/rvm/gems/ruby-2.1.3/gems/actionpack-4.0.0/lib/action_dispatch/middleware/templates/rescues/_trace.erb (3.7ms)
  Rendered /usr/local/rvm/gems/ruby-2.1.3/gems/actionpack-4.0.0/lib/action_dispatch/middleware/templates/rescues/_request_and_response.erb (1.1ms)
  Rendered /usr/local/rvm/gems/ruby-2.1.3/gems/actionpack-4.0.0/lib/action_dispatch/middleware/templates/rescues/template_error.erb within rescues/layout (16.5ms)


Started GET "/posts" for 10.0.2.2 at 2015-07-20 20:13:31 +0000
Processing by PostsController#index as HTML
  Rendered posts/index.html.erb within layouts/application (27.2ms)
Completed 500 Internal Server Error in 104ms

ActionView::Template::Error (undefined method `each' for nil:NilClass):
    1: <h1>LCS forum</h1>
    2: <hr>
    3: <% @posts.each do |post| %>
    4:   <% binding.pry %>
    5:   <h2><%= post[:title] %></h2>
    6:   <p><%= post[:text] %></p>
  app/views/posts/index.html.erb:3:in `_app_views_posts_index_html_erb___277862814_90961470'


  Rendered /usr/local/rvm/gems/ruby-2.1.3/gems/actionpack-4.0.0/lib/action_dispatch/middleware/templates/rescues/_trace.erb (2.7ms)
  Rendered /usr/local/rvm/gems/ruby-2.1.3/gems/actionpack-4.0.0/lib/action_dispatch/middleware/templates/rescues/_request_and_response.erb (1.1ms)
  Rendered /usr/local/rvm/gems/ruby-2.1.3/gems/actionpack-4.0.0/lib/action_dispatch/middleware/templates/rescues/template_error.erb within rescues/layout (18.6ms)


Started GET "/posts" for 10.0.2.2 at 2015-07-20 20:14:09 +0000
Processing by PostsController#index as HTML
  Rendered posts/index.html.erb within layouts/application (0.5ms)
Completed 200 OK in 331ms (Views: 329.0ms | ActiveRecord: 0.0ms)


Started GET "/assets/application.css?body=1" for 10.0.2.2 at 2015-07-20 20:14:09 +0000


Started GET "/assets/application.js?body=1" for 10.0.2.2 at 2015-07-20 20:14:10 +0000


Started GET "/assets/jquery.js?body=1" for 10.0.2.2 at 2015-07-20 20:14:10 +0000


Started GET "/assets/turbolinks.js?body=1" for 10.0.2.2 at 2015-07-20 20:14:10 +0000


Started GET "/assets/jquery_ujs.js?body=1" for 10.0.2.2 at 2015-07-20 20:14:10 +0000


Started GET "/posts" for 10.0.2.2 at 2015-07-20 20:14:26 +0000
Processing by PostsController#index as HTML
  Rendered posts/index.html.erb within layouts/application (0.6ms)
Completed 200 OK in 87ms (Views: 86.1ms | ActiveRecord: 0.0ms)


Started GET "/assets/jquery.js?body=1" for 10.0.2.2 at 2015-07-20 20:14:26 +0000


Started GET "/assets/turbolinks.js?body=1" for 10.0.2.2 at 2015-07-20 20:14:26 +0000


Started GET "/assets/jquery_ujs.js?body=1" for 10.0.2.2 at 2015-07-20 20:14:26 +0000


Started GET "/assets/application.js?body=1" for 10.0.2.2 at 2015-07-20 20:14:26 +0000


Started GET "/assets/application.css?body=1" for 10.0.2.2 at 2015-07-20 20:14:26 +0000


Started GET "/assets/application.css?body=1" for 10.0.2.2 at 2015-07-20 20:14:34 +0000


Started GET "/" for 10.0.2.2 at 2015-07-20 20:25:13 +0000
Processing by Rails::WelcomeController#index as HTML
  Rendered /usr/local/rvm/gems/ruby-2.1.3/gems/railties-4.0.0/lib/rails/templates/rails/welcome/index.html.erb (12.6ms)
Completed 200 OK in 75ms (Views: 44.3ms | ActiveRecord: 0.0ms)


Started GET "/" for 10.0.2.2 at 2015-07-20 20:25:14 +0000
Processing by Rails::WelcomeController#index as HTML
  Rendered /usr/local/rvm/gems/ruby-2.1.3/gems/railties-4.0.0/lib/rails/templates/rails/welcome/index.html.erb (0.1ms)
Completed 200 OK in 5ms (Views: 4.1ms | ActiveRecord: 0.0ms)


Started GET "/posts/0" for 10.0.2.2 at 2015-07-20 20:25:18 +0000
Processing by PostsController#post0 as HTML
  Rendered posts/post0.html.erb within layouts/application (0.8ms)
Completed 200 OK in 285ms (Views: 284.4ms | ActiveRecord: 0.0ms)


Started GET "/assets/jquery_ujs.js?body=1" for 10.0.2.2 at 2015-07-20 20:25:19 +0000


Started GET "/assets/turbolinks.js?body=1" for 10.0.2.2 at 2015-07-20 20:25:19 +0000


Started GET "/assets/application.css?body=1" for 10.0.2.2 at 2015-07-20 20:25:19 +0000


Started GET "/assets/jquery.js?body=1" for 10.0.2.2 at 2015-07-20 20:25:19 +0000


Started GET "/assets/application.js?body=1" for 10.0.2.2 at 2015-07-20 20:25:19 +0000


Started GET "/posts" for 10.0.2.2 at 2015-07-20 20:30:10 +0000
Processing by PostsController#index as HTML
  Rendered posts/index.html.erb within layouts/application (6.7ms)
Completed 200 OK in 267ms (Views: 237.5ms | ActiveRecord: 0.0ms)


Started GET "/assets/turbolinks.js?body=1" for 10.0.2.2 at 2015-07-20 20:30:11 +0000


Started GET "/assets/jquery_ujs.js?body=1" for 10.0.2.2 at 2015-07-20 20:30:11 +0000


Started GET "/assets/jquery.js?body=1" for 10.0.2.2 at 2015-07-20 20:30:11 +0000


Started GET "/assets/application.css?body=1" for 10.0.2.2 at 2015-07-20 20:30:11 +0000


Started GET "/assets/application.js?body=1" for 10.0.2.2 at 2015-07-20 20:30:11 +0000


Started GET "/posts/show" for 10.0.2.2 at 2015-07-20 20:30:15 +0000
Processing by PostsController#show as HTML
  Parameters: {"id"=>"show"}
  Rendered posts/show.html.erb within layouts/application (37.1ms)
Completed 500 Internal Server Error in 117ms

ActionView::Template::Error (undefined method `[]' for nil:NilClass):
    1: <h2><%= @post[:title] %></h2>
    2: <p><%= @post[:text]%></p>
    3: <small>- <%= @post[:author] %></small>
  app/views/posts/show.html.erb:1:in `_app_views_posts_show_html_erb__705132165_84294120'


  Rendered /usr/local/rvm/gems/ruby-2.1.3/gems/actionpack-4.0.0/lib/action_dispatch/middleware/templates/rescues/_trace.erb (2.1ms)
  Rendered /usr/local/rvm/gems/ruby-2.1.3/gems/actionpack-4.0.0/lib/action_dispatch/middleware/templates/rescues/_request_and_response.erb (0.9ms)
  Rendered /usr/local/rvm/gems/ruby-2.1.3/gems/actionpack-4.0.0/lib/action_dispatch/middleware/templates/rescues/template_error.erb within rescues/layout (12.7ms)


Started GET "/posts/1" for 10.0.2.2 at 2015-07-20 20:30:42 +0000
Processing by PostsController#show as HTML
  Parameters: {"id"=>"1"}
  Rendered posts/show.html.erb within layouts/application (28.0ms)
Completed 500 Internal Server Error in 103ms

ActionView::Template::Error (undefined method `[]' for nil:NilClass):
    1: <h2><%= @post[:title] %></h2>
    2: <p><%= @post[:text]%></p>
    3: <small>- <%= @post[:author] %></small>
  app/views/posts/show.html.erb:1:in `_app_views_posts_show_html_erb__705132165_84294120'


  Rendered /usr/local/rvm/gems/ruby-2.1.3/gems/actionpack-4.0.0/lib/action_dispatch/middleware/templates/rescues/_trace.erb (1.0ms)
  Rendered /usr/local/rvm/gems/ruby-2.1.3/gems/actionpack-4.0.0/lib/action_dispatch/middleware/templates/rescues/_request_and_response.erb (3.3ms)
  Rendered /usr/local/rvm/gems/ruby-2.1.3/gems/actionpack-4.0.0/lib/action_dispatch/middleware/templates/rescues/template_error.erb within rescues/layout (12.1ms)


Started GET "/posts/1" for 10.0.2.2 at 2015-07-20 20:30:45 +0000
Processing by PostsController#show as HTML
  Parameters: {"id"=>"1"}
  Rendered posts/show.html.erb within layouts/application (23.5ms)
Completed 500 Internal Server Error in 103ms

ActionView::Template::Error (undefined method `[]' for nil:NilClass):
    1: <h2><%= @post[:title] %></h2>
    2: <p><%= @post[:text]%></p>
    3: <small>- <%= @post[:author] %></small>
  app/views/posts/show.html.erb:1:in `_app_views_posts_show_html_erb__705132165_84294120'


  Rendered /usr/local/rvm/gems/ruby-2.1.3/gems/actionpack-4.0.0/lib/action_dispatch/middleware/templates/rescues/_trace.erb (1.7ms)
  Rendered /usr/local/rvm/gems/ruby-2.1.3/gems/actionpack-4.0.0/lib/action_dispatch/middleware/templates/rescues/_request_and_response.erb (1.4ms)
  Rendered /usr/local/rvm/gems/ruby-2.1.3/gems/actionpack-4.0.0/lib/action_dispatch/middleware/templates/rescues/template_error.erb within rescues/layout (16.4ms)


Started GET "/posts/1" for 10.0.2.2 at 2015-07-20 20:32:04 +0000
Processing by PostsController#show as HTML
  Parameters: {"id"=>"1"}
  Rendered posts/show.html.erb within layouts/application (23.4ms)
Completed 500 Internal Server Error in 92ms

ActionView::Template::Error (undefined method `[]' for nil:NilClass):
    1: <h2><%= @post[:title] %></h2>
    2: <p><%= @post[:text]%></p>
    3: <small>- <%= @post[:author] %></small>
  app/views/posts/show.html.erb:1:in `_app_views_posts_show_html_erb__705132165_88851850'


  Rendered /usr/local/rvm/gems/ruby-2.1.3/gems/actionpack-4.0.0/lib/action_dispatch/middleware/templates/rescues/_trace.erb (1.7ms)
  Rendered /usr/local/rvm/gems/ruby-2.1.3/gems/actionpack-4.0.0/lib/action_dispatch/middleware/templates/rescues/_request_and_response.erb (0.9ms)
  Rendered /usr/local/rvm/gems/ruby-2.1.3/gems/actionpack-4.0.0/lib/action_dispatch/middleware/templates/rescues/template_error.erb within rescues/layout (12.9ms)


Started GET "/posts" for 10.0.2.2 at 2015-07-20 20:32:07 +0000
Processing by PostsController#index as HTML
  Rendered posts/index.html.erb within layouts/application (0.5ms)
Completed 200 OK in 80ms (Views: 79.8ms | ActiveRecord: 0.0ms)


Started GET "/assets/application.css?body=1" for 10.0.2.2 at 2015-07-20 20:32:07 +0000


Started GET "/assets/jquery.js?body=1" for 10.0.2.2 at 2015-07-20 20:32:07 +0000


Started GET "/assets/application.js?body=1" for 10.0.2.2 at 2015-07-20 20:32:07 +0000


Started GET "/assets/turbolinks.js?body=1" for 10.0.2.2 at 2015-07-20 20:32:07 +0000


Started GET "/assets/jquery_ujs.js?body=1" for 10.0.2.2 at 2015-07-20 20:32:07 +0000


Started GET "/posts/show" for 10.0.2.2 at 2015-07-20 20:32:15 +0000
Processing by PostsController#show as HTML
  Parameters: {"id"=>"show"}
  Rendered posts/show.html.erb within layouts/application (24.2ms)
Completed 500 Internal Server Error in 90ms

ActionView::Template::Error (undefined method `[]' for nil:NilClass):
    1: <h2><%= @post[:title] %></h2>
    2: <p><%= @post[:text]%></p>
    3: <small>- <%= @post[:author] %></small>
  app/views/posts/show.html.erb:1:in `_app_views_posts_show_html_erb__705132165_88851850'


  Rendered /usr/local/rvm/gems/ruby-2.1.3/gems/actionpack-4.0.0/lib/action_dispatch/middleware/templates/rescues/_trace.erb (1.0ms)
  Rendered /usr/local/rvm/gems/ruby-2.1.3/gems/actionpack-4.0.0/lib/action_dispatch/middleware/templates/rescues/_request_and_response.erb (0.9ms)
  Rendered /usr/local/rvm/gems/ruby-2.1.3/gems/actionpack-4.0.0/lib/action_dispatch/middleware/templates/rescues/template_error.erb within rescues/layout (12.5ms)


Started GET "/posts/1" for 10.0.2.2 at 2015-07-20 20:33:19 +0000
Processing by PostsController#show as HTML
  Parameters: {"id"=>"1"}
  Rendered posts/show.html.erb within layouts/application (0.1ms)
Completed 200 OK in 81ms (Views: 79.7ms | ActiveRecord: 0.0ms)


Started GET "/assets/jquery.js?body=1" for 10.0.2.2 at 2015-07-20 20:33:19 +0000


Started GET "/assets/application.css?body=1" for 10.0.2.2 at 2015-07-20 20:33:20 +0000


Started GET "/assets/application.js?body=1" for 10.0.2.2 at 2015-07-20 20:33:20 +0000


Started GET "/assets/turbolinks.js?body=1" for 10.0.2.2 at 2015-07-20 20:33:20 +0000


Started GET "/assets/jquery_ujs.js?body=1" for 10.0.2.2 at 2015-07-20 20:33:20 +0000


Started GET "/posts/0" for 10.0.2.2 at 2015-07-20 20:33:23 +0000
Processing by PostsController#show as HTML
  Parameters: {"id"=>"0"}
  Rendered posts/show.html.erb within layouts/application (0.1ms)
Completed 200 OK in 92ms (Views: 90.7ms | ActiveRecord: 0.0ms)


Started GET "/assets/application.css?body=1" for 10.0.2.2 at 2015-07-20 20:33:23 +0000


Started GET "/assets/jquery_ujs.js?body=1" for 10.0.2.2 at 2015-07-20 20:33:23 +0000


Started GET "/assets/jquery.js?body=1" for 10.0.2.2 at 2015-07-20 20:33:23 +0000


Started GET "/assets/application.js?body=1" for 10.0.2.2 at 2015-07-20 20:33:23 +0000


Started GET "/assets/turbolinks.js?body=1" for 10.0.2.2 at 2015-07-20 20:33:23 +0000


Started GET "/posts/show" for 10.0.2.2 at 2015-07-20 20:33:26 +0000
Processing by PostsController#show as HTML
  Parameters: {"id"=>"show"}
  Rendered posts/show.html.erb within layouts/application (0.1ms)
Completed 200 OK in 79ms (Views: 78.0ms | ActiveRecord: 0.0ms)


Started GET "/assets/jquery.js?body=1" for 10.0.2.2 at 2015-07-20 20:33:26 +0000


Started GET "/assets/turbolinks.js?body=1" for 10.0.2.2 at 2015-07-20 20:33:26 +0000


Started GET "/assets/application.js?body=1" for 10.0.2.2 at 2015-07-20 20:33:26 +0000


Started GET "/assets/application.css?body=1" for 10.0.2.2 at 2015-07-20 20:33:26 +0000


Started GET "/assets/jquery_ujs.js?body=1" for 10.0.2.2 at 2015-07-20 20:33:26 +0000


Started GET "/posts/show" for 10.0.2.2 at 2015-07-20 20:33:30 +0000
Processing by PostsController#show as HTML
  Parameters: {"id"=>"show"}
  Rendered posts/show.html.erb within layouts/application (0.1ms)
Completed 200 OK in 89ms (Views: 88.4ms | ActiveRecord: 0.0ms)


Started GET "/assets/jquery.js?body=1" for 10.0.2.2 at 2015-07-20 20:33:30 +0000


Started GET "/assets/turbolinks.js?body=1" for 10.0.2.2 at 2015-07-20 20:33:30 +0000


Started GET "/assets/jquery_ujs.js?body=1" for 10.0.2.2 at 2015-07-20 20:33:30 +0000


Started GET "/assets/application.js?body=1" for 10.0.2.2 at 2015-07-20 20:33:31 +0000


Started GET "/assets/application.css?body=1" for 10.0.2.2 at 2015-07-20 20:33:31 +0000


Started GET "/posts/show1" for 10.0.2.2 at 2015-07-20 20:33:33 +0000
Processing by PostsController#show as HTML
  Parameters: {"id"=>"show1"}
  Rendered posts/show.html.erb within layouts/application (0.1ms)
Completed 200 OK in 83ms (Views: 82.9ms | ActiveRecord: 0.0ms)


Started GET "/assets/jquery.js?body=1" for 10.0.2.2 at 2015-07-20 20:33:34 +0000


Started GET "/assets/jquery_ujs.js?body=1" for 10.0.2.2 at 2015-07-20 20:33:34 +0000


Started GET "/assets/turbolinks.js?body=1" for 10.0.2.2 at 2015-07-20 20:33:34 +0000


Started GET "/assets/application.js?body=1" for 10.0.2.2 at 2015-07-20 20:33:34 +0000


Started GET "/assets/application.css?body=1" for 10.0.2.2 at 2015-07-20 20:33:34 +0000


Started GET "/posts" for 10.0.2.2 at 2015-07-20 20:33:37 +0000
Processing by PostsController#index as HTML
  Rendered posts/index.html.erb within layouts/application (0.2ms)
Completed 200 OK in 85ms (Views: 83.9ms | ActiveRecord: 0.0ms)


Started GET "/assets/jquery_ujs.js?body=1" for 10.0.2.2 at 2015-07-20 20:33:37 +0000


Started GET "/assets/application.js?body=1" for 10.0.2.2 at 2015-07-20 20:33:37 +0000


Started GET "/assets/turbolinks.js?body=1" for 10.0.2.2 at 2015-07-20 20:33:37 +0000


Started GET "/assets/jquery.js?body=1" for 10.0.2.2 at 2015-07-20 20:33:37 +0000


Started GET "/assets/application.css?body=1" for 10.0.2.2 at 2015-07-20 20:33:37 +0000
  [1m[36m (8.0ms)[0m  [1mCREATE TABLE "schema_migrations" ("version" varchar(255) NOT NULL) [0m
  [1m[35m (8.2ms)[0m  CREATE UNIQUE INDEX "unique_schema_migrations" ON "schema_migrations" ("version")
  [1m[36mActiveRecord::SchemaMigration Load (2.7ms)[0m  [1mSELECT "schema_migrations".* FROM "schema_migrations"[0m
Migrating to CreatePosts (20150720203616)
  [1m[35m (0.1ms)[0m  begin transaction
  [1m[36m (3.1ms)[0m  [1mCREATE TABLE "posts" ("id" INTEGER PRIMARY KEY AUTOINCREMENT NOT NULL, "title" varchar(255), "author" varchar(255), "text" text, "created_at" datetime, "updated_at" datetime) [0m
  [1m[35mSQL (0.8ms)[0m  INSERT INTO "schema_migrations" ("version") VALUES (?)  [["version", "20150720203616"]]
  [1m[36m (4.5ms)[0m  [1mcommit transaction[0m
  [1m[35mActiveRecord::SchemaMigration Load (1.1ms)[0m  SELECT "schema_migrations".* FROM "schema_migrations"
  [1m[36mActiveRecord::SchemaMigration Load (1.9ms)[0m  [1mSELECT "schema_migrations".* FROM "schema_migrations"[0m
  [1m[36mActiveRecord::SchemaMigration Load (1.7ms)[0m  [1mSELECT "schema_migrations".* FROM "schema_migrations"[0m
  [1m[35m (0.1ms)[0m  begin transaction
  [1m[36mSQL (31.3ms)[0m  [1mINSERT INTO "posts" ("author", "created_at", "text", "title", "updated_at") VALUES (?, ?, ?, ?, ?)[0m  [["author", "Dyrus"], ["created_at", Tue, 21 Jul 2015 00:04:28 UTC +00:00], ["text", "need a gank at top lane so i don't give first blood every single time so I can carry the game"], ["title", "TSM at MSI"], ["updated_at", Tue, 21 Jul 2015 00:04:28 UTC +00:00]]
  [1m[35m (4.0ms)[0m  commit transaction
  [1m[36m (0.1ms)[0m  [1mbegin transaction[0m
  [1m[35mSQL (3.5ms)[0m  INSERT INTO "posts" ("author", "created_at", "text", "title", "updated_at") VALUES (?, ?, ?, ?, ?)  [["author", "Diehard c9 fan"], ["created_at", Tue, 21 Jul 2015 00:04:28 UTC +00:00], ["text", "C9 is the true heart and soul of the North American LCS, they have the dedication, determination, and the drive to bring NA back to its former glory. If they make it to the regional they have a shot at beating every team in the tournament and make it to worlds as the 3rd seed."], ["title", "The fate of Cloud 9"], ["updated_at", Tue, 21 Jul 2015 00:04:28 UTC +00:00]]
  [1m[36m (4.1ms)[0m  [1mcommit transaction[0m
  [1m[35m (0.1ms)[0m  begin transaction
  [1m[36mSQL (3.6ms)[0m  [1mINSERT INTO "posts" ("author", "created_at", "text", "title", "updated_at") VALUES (?, ?, ?, ?, ?)[0m  [["author", "an EU fan"], ["created_at", Tue, 21 Jul 2015 00:04:28 UTC +00:00], ["text", "Even though Fnatic lost to SKT in game 5 at MSI, this is the furthest an EU team has been in attempting to take down the No1 south korean team and for that I am proud as an EU fan."], ["title", "Fnatic vs SKT rematch at worlds"], ["updated_at", Tue, 21 Jul 2015 00:04:28 UTC +00:00]]
  [1m[35m (3.9ms)[0m  commit transaction
  [1m[36mPost Load (6.5ms)[0m  [1mSELECT "posts".* FROM "posts"[0m


Started GET "/posts/1" for 10.0.2.2 at 2015-07-21 00:11:47 +0000
  [1m[36mActiveRecord::SchemaMigration Load (1.3ms)[0m  [1mSELECT "schema_migrations".* FROM "schema_migrations"[0m
Processing by PostsController#show as HTML
  Parameters: {"id"=>"1"}
  [1m[35mPost Load (1.3ms)[0m  SELECT "posts".* FROM "posts" WHERE "posts"."id" = ? LIMIT 1  [["id", "1"]]
  Rendered posts/show.html.erb within layouts/application (0.5ms)
Completed 200 OK in 111ms (Views: 72.8ms | ActiveRecord: 2.6ms)


Started GET "/assets/jquery.js?body=1" for 10.0.2.2 at 2015-07-21 00:11:47 +0000


Started GET "/assets/jquery_ujs.js?body=1" for 10.0.2.2 at 2015-07-21 00:11:47 +0000


Started GET "/assets/turbolinks.js?body=1" for 10.0.2.2 at 2015-07-21 00:11:47 +0000


Started GET "/assets/application.js?body=1" for 10.0.2.2 at 2015-07-21 00:11:47 +0000


Started GET "/assets/application.css?body=1" for 10.0.2.2 at 2015-07-21 00:11:47 +0000


Started GET "/posts/0" for 10.0.2.2 at 2015-07-21 00:11:50 +0000
Processing by PostsController#show as HTML
  Parameters: {"id"=>"0"}
  [1m[36mPost Load (1.9ms)[0m  [1mSELECT "posts".* FROM "posts" WHERE "posts"."id" = ? LIMIT 1[0m  [["id", "0"]]
Completed 404 Not Found in 4ms

ActiveRecord::RecordNotFound (Couldn't find Post with id=0):
  app/controllers/posts_controller.rb:33:in `show'


  Rendered /usr/local/rvm/gems/ruby-2.1.3/gems/actionpack-4.0.0/lib/action_dispatch/middleware/templates/rescues/_source.erb (0.6ms)
  Rendered /usr/local/rvm/gems/ruby-2.1.3/gems/actionpack-4.0.0/lib/action_dispatch/middleware/templates/rescues/_trace.erb (1.0ms)
  Rendered /usr/local/rvm/gems/ruby-2.1.3/gems/actionpack-4.0.0/lib/action_dispatch/middleware/templates/rescues/_request_and_response.erb (0.8ms)
  Rendered /usr/local/rvm/gems/ruby-2.1.3/gems/actionpack-4.0.0/lib/action_dispatch/middleware/templates/rescues/diagnostics.erb within rescues/layout (14.4ms)


Started GET "/posts/2" for 10.0.2.2 at 2015-07-21 00:11:52 +0000
Processing by PostsController#show as HTML
  Parameters: {"id"=>"2"}
  [1m[35mPost Load (1.5ms)[0m  SELECT "posts".* FROM "posts" WHERE "posts"."id" = ? LIMIT 1  [["id", "2"]]
  Rendered posts/show.html.erb within layouts/application (0.1ms)
Completed 200 OK in 68ms (Views: 64.7ms | ActiveRecord: 1.5ms)


Started GET "/assets/jquery.js?body=1" for 10.0.2.2 at 2015-07-21 00:11:52 +0000


Started GET "/assets/turbolinks.js?body=1" for 10.0.2.2 at 2015-07-21 00:11:52 +0000


Started GET "/assets/jquery_ujs.js?body=1" for 10.0.2.2 at 2015-07-21 00:11:52 +0000


Started GET "/assets/application.js?body=1" for 10.0.2.2 at 2015-07-21 00:11:52 +0000


Started GET "/assets/application.css?body=1" for 10.0.2.2 at 2015-07-21 00:11:52 +0000


Started GET "/create" for 10.0.2.2 at 2015-07-21 00:24:07 +0000

ActionController::RoutingError (No route matches [GET] "/create"):
  actionpack (4.0.0) lib/action_dispatch/middleware/debug_exceptions.rb:21:in `call'
  actionpack (4.0.0) lib/action_dispatch/middleware/show_exceptions.rb:30:in `call'
  railties (4.0.0) lib/rails/rack/logger.rb:38:in `call_app'
  railties (4.0.0) lib/rails/rack/logger.rb:21:in `block in call'
  activesupport (4.0.0) lib/active_support/tagged_logging.rb:67:in `block in tagged'
  activesupport (4.0.0) lib/active_support/tagged_logging.rb:25:in `tagged'
  activesupport (4.0.0) lib/active_support/tagged_logging.rb:67:in `tagged'
  railties (4.0.0) lib/rails/rack/logger.rb:21:in `call'
  actionpack (4.0.0) lib/action_dispatch/middleware/request_id.rb:21:in `call'
  rack (1.5.5) lib/rack/methodoverride.rb:21:in `call'
  rack (1.5.5) lib/rack/runtime.rb:17:in `call'
  activesupport (4.0.0) lib/active_support/cache/strategy/local_cache.rb:83:in `call'
  rack (1.5.5) lib/rack/lock.rb:17:in `call'
  actionpack (4.0.0) lib/action_dispatch/middleware/static.rb:64:in `call'
  railties (4.0.0) lib/rails/engine.rb:511:in `call'
  railties (4.0.0) lib/rails/application.rb:97:in `call'
  rack (1.5.5) lib/rack/lock.rb:17:in `call'
  rack (1.5.5) lib/rack/content_length.rb:14:in `call'
  rack (1.5.5) lib/rack/handler/webrick.rb:60:in `service'
  /usr/local/rvm/rubies/ruby-2.1.3/lib/ruby/2.1.0/webrick/httpserver.rb:138:in `service'
  /usr/local/rvm/rubies/ruby-2.1.3/lib/ruby/2.1.0/webrick/httpserver.rb:94:in `run'
  /usr/local/rvm/rubies/ruby-2.1.3/lib/ruby/2.1.0/webrick/server.rb:295:in `block in start_thread'


  Rendered /usr/local/rvm/gems/ruby-2.1.3/gems/actionpack-4.0.0/lib/action_dispatch/middleware/templates/rescues/_trace.erb (1.2ms)
  Rendered /usr/local/rvm/gems/ruby-2.1.3/gems/actionpack-4.0.0/lib/action_dispatch/middleware/templates/routes/_route.html.erb (1.3ms)
  Rendered /usr/local/rvm/gems/ruby-2.1.3/gems/actionpack-4.0.0/lib/action_dispatch/middleware/templates/routes/_table.html.erb (28.8ms)
  Rendered /usr/local/rvm/gems/ruby-2.1.3/gems/actionpack-4.0.0/lib/action_dispatch/middleware/templates/rescues/routing_error.erb within rescues/layout (65.3ms)


Started GET "/posts" for 10.0.2.2 at 2015-07-21 00:24:20 +0000
Processing by PostsController#index as HTML
  [1m[36mPost Load (3.0ms)[0m  [1mSELECT "posts".* FROM "posts"[0m
  Rendered posts/index.html.erb within layouts/application (17.9ms)
Completed 200 OK in 100ms (Views: 80.1ms | ActiveRecord: 4.3ms)


Started GET "/assets/application.css?body=1" for 10.0.2.2 at 2015-07-21 00:24:20 +0000


Started GET "/assets/application.js?body=1" for 10.0.2.2 at 2015-07-21 00:24:21 +0000


Started GET "/assets/turbolinks.js?body=1" for 10.0.2.2 at 2015-07-21 00:24:21 +0000


Started GET "/assets/jquery_ujs.js?body=1" for 10.0.2.2 at 2015-07-21 00:24:21 +0000


Started GET "/assets/jquery.js?body=1" for 10.0.2.2 at 2015-07-21 00:24:21 +0000


Started GET "/posts/new" for 10.0.2.2 at 2015-07-21 00:24:22 +0000
Processing by PostsController#show as HTML
  Parameters: {"id"=>"new"}
  [1m[35mPost Load (2.1ms)[0m  SELECT "posts".* FROM "posts" WHERE "posts"."id" = ? LIMIT 1  [["id", "new"]]
Completed 404 Not Found in 4ms

ActiveRecord::RecordNotFound (Couldn't find Post with id=new):
  app/controllers/posts_controller.rb:33:in `show'


  Rendered /usr/local/rvm/gems/ruby-2.1.3/gems/actionpack-4.0.0/lib/action_dispatch/middleware/templates/rescues/_source.erb (0.5ms)
  Rendered /usr/local/rvm/gems/ruby-2.1.3/gems/actionpack-4.0.0/lib/action_dispatch/middleware/templates/rescues/_trace.erb (0.6ms)
  Rendered /usr/local/rvm/gems/ruby-2.1.3/gems/actionpack-4.0.0/lib/action_dispatch/middleware/templates/rescues/_request_and_response.erb (1.0ms)
  Rendered /usr/local/rvm/gems/ruby-2.1.3/gems/actionpack-4.0.0/lib/action_dispatch/middleware/templates/rescues/diagnostics.erb within rescues/layout (14.7ms)


Started GET "/posts/new" for 10.0.2.2 at 2015-07-21 00:38:18 +0000
Processing by PostsController#show as HTML
  Parameters: {"id"=>"new"}
  [1m[36mPost Load (1.7ms)[0m  [1mSELECT "posts".* FROM "posts" WHERE "posts"."id" = ? LIMIT 1[0m  [["id", "new"]]
Completed 404 Not Found in 26ms

ActiveRecord::RecordNotFound (Couldn't find Post with id=new):
  app/controllers/posts_controller.rb:33:in `show'


  Rendered /usr/local/rvm/gems/ruby-2.1.3/gems/actionpack-4.0.0/lib/action_dispatch/middleware/templates/rescues/_source.erb (0.5ms)
  Rendered /usr/local/rvm/gems/ruby-2.1.3/gems/actionpack-4.0.0/lib/action_dispatch/middleware/templates/rescues/_trace.erb (1.0ms)
  Rendered /usr/local/rvm/gems/ruby-2.1.3/gems/actionpack-4.0.0/lib/action_dispatch/middleware/templates/rescues/_request_and_response.erb (1.2ms)
  Rendered /usr/local/rvm/gems/ruby-2.1.3/gems/actionpack-4.0.0/lib/action_dispatch/middleware/templates/rescues/diagnostics.erb within rescues/layout (14.3ms)


Started GET "/posts/new" for 10.0.2.2 at 2015-07-21 00:38:21 +0000
Processing by PostsController#show as HTML
  Parameters: {"id"=>"new"}
  [1m[35mPost Load (1.7ms)[0m  SELECT "posts".* FROM "posts" WHERE "posts"."id" = ? LIMIT 1  [["id", "new"]]
Completed 404 Not Found in 4ms

ActiveRecord::RecordNotFound (Couldn't find Post with id=new):
  app/controllers/posts_controller.rb:33:in `show'


  Rendered /usr/local/rvm/gems/ruby-2.1.3/gems/actionpack-4.0.0/lib/action_dispatch/middleware/templates/rescues/_source.erb (1.6ms)
  Rendered /usr/local/rvm/gems/ruby-2.1.3/gems/actionpack-4.0.0/lib/action_dispatch/middleware/templates/rescues/_trace.erb (3.2ms)
  Rendered /usr/local/rvm/gems/ruby-2.1.3/gems/actionpack-4.0.0/lib/action_dispatch/middleware/templates/rescues/_request_and_response.erb (0.9ms)
  Rendered /usr/local/rvm/gems/ruby-2.1.3/gems/actionpack-4.0.0/lib/action_dispatch/middleware/templates/rescues/diagnostics.erb within rescues/layout (23.2ms)


Started GET "/create" for 10.0.2.2 at 2015-07-21 00:38:37 +0000

ActionController::RoutingError (No route matches [GET] "/create"):
  actionpack (4.0.0) lib/action_dispatch/middleware/debug_exceptions.rb:21:in `call'
  actionpack (4.0.0) lib/action_dispatch/middleware/show_exceptions.rb:30:in `call'
  railties (4.0.0) lib/rails/rack/logger.rb:38:in `call_app'
  railties (4.0.0) lib/rails/rack/logger.rb:21:in `block in call'
  activesupport (4.0.0) lib/active_support/tagged_logging.rb:67:in `block in tagged'
  activesupport (4.0.0) lib/active_support/tagged_logging.rb:25:in `tagged'
  activesupport (4.0.0) lib/active_support/tagged_logging.rb:67:in `tagged'
  railties (4.0.0) lib/rails/rack/logger.rb:21:in `call'
  actionpack (4.0.0) lib/action_dispatch/middleware/request_id.rb:21:in `call'
  rack (1.5.5) lib/rack/methodoverride.rb:21:in `call'
  rack (1.5.5) lib/rack/runtime.rb:17:in `call'
  activesupport (4.0.0) lib/active_support/cache/strategy/local_cache.rb:83:in `call'
  rack (1.5.5) lib/rack/lock.rb:17:in `call'
  actionpack (4.0.0) lib/action_dispatch/middleware/static.rb:64:in `call'
  railties (4.0.0) lib/rails/engine.rb:511:in `call'
  railties (4.0.0) lib/rails/application.rb:97:in `call'
  rack (1.5.5) lib/rack/lock.rb:17:in `call'
  rack (1.5.5) lib/rack/content_length.rb:14:in `call'
  rack (1.5.5) lib/rack/handler/webrick.rb:60:in `service'
  /usr/local/rvm/rubies/ruby-2.1.3/lib/ruby/2.1.0/webrick/httpserver.rb:138:in `service'
  /usr/local/rvm/rubies/ruby-2.1.3/lib/ruby/2.1.0/webrick/httpserver.rb:94:in `run'
  /usr/local/rvm/rubies/ruby-2.1.3/lib/ruby/2.1.0/webrick/server.rb:295:in `block in start_thread'


  Rendered /usr/local/rvm/gems/ruby-2.1.3/gems/actionpack-4.0.0/lib/action_dispatch/middleware/templates/rescues/_trace.erb (0.9ms)
  Rendered /usr/local/rvm/gems/ruby-2.1.3/gems/actionpack-4.0.0/lib/action_dispatch/middleware/templates/routes/_route.html.erb (0.8ms)
  Rendered /usr/local/rvm/gems/ruby-2.1.3/gems/actionpack-4.0.0/lib/action_dispatch/middleware/templates/routes/_table.html.erb (1.1ms)
  Rendered /usr/local/rvm/gems/ruby-2.1.3/gems/actionpack-4.0.0/lib/action_dispatch/middleware/templates/rescues/routing_error.erb within rescues/layout (16.0ms)


Started GET "/posts" for 10.0.2.2 at 2015-07-21 00:38:41 +0000
Processing by PostsController#index as HTML
  [1m[36mPost Load (1.5ms)[0m  [1mSELECT "posts".* FROM "posts"[0m
  Rendered posts/index.html.erb within layouts/application (13.0ms)
Completed 200 OK in 84ms (Views: 81.7ms | ActiveRecord: 1.5ms)


Started GET "/assets/application.css?body=1" for 10.0.2.2 at 2015-07-21 00:38:41 +0000


Started GET "/assets/jquery.js?body=1" for 10.0.2.2 at 2015-07-21 00:38:41 +0000


Started GET "/assets/application.js?body=1" for 10.0.2.2 at 2015-07-21 00:38:41 +0000


Started GET "/assets/turbolinks.js?body=1" for 10.0.2.2 at 2015-07-21 00:38:41 +0000


Started GET "/assets/jquery_ujs.js?body=1" for 10.0.2.2 at 2015-07-21 00:38:41 +0000


Started GET "/posts/new" for 10.0.2.2 at 2015-07-21 00:38:44 +0000
Processing by PostsController#show as HTML
  Parameters: {"id"=>"new"}
  [1m[35mPost Load (2.1ms)[0m  SELECT "posts".* FROM "posts" WHERE "posts"."id" = ? LIMIT 1  [["id", "new"]]
Completed 404 Not Found in 4ms

ActiveRecord::RecordNotFound (Couldn't find Post with id=new):
  app/controllers/posts_controller.rb:33:in `show'


  Rendered /usr/local/rvm/gems/ruby-2.1.3/gems/actionpack-4.0.0/lib/action_dispatch/middleware/templates/rescues/_source.erb (0.6ms)
  Rendered /usr/local/rvm/gems/ruby-2.1.3/gems/actionpack-4.0.0/lib/action_dispatch/middleware/templates/rescues/_trace.erb (1.1ms)
  Rendered /usr/local/rvm/gems/ruby-2.1.3/gems/actionpack-4.0.0/lib/action_dispatch/middleware/templates/rescues/_request_and_response.erb (0.9ms)
  Rendered /usr/local/rvm/gems/ruby-2.1.3/gems/actionpack-4.0.0/lib/action_dispatch/middleware/templates/rescues/diagnostics.erb within rescues/layout (13.4ms)


Started GET "/posts/create" for 10.0.2.2 at 2015-07-21 00:38:47 +0000
Processing by PostsController#show as HTML
  Parameters: {"id"=>"create"}
  [1m[36mPost Load (1.7ms)[0m  [1mSELECT "posts".* FROM "posts" WHERE "posts"."id" = ? LIMIT 1[0m  [["id", "create"]]
Completed 404 Not Found in 3ms

ActiveRecord::RecordNotFound (Couldn't find Post with id=create):
  app/controllers/posts_controller.rb:33:in `show'


  Rendered /usr/local/rvm/gems/ruby-2.1.3/gems/actionpack-4.0.0/lib/action_dispatch/middleware/templates/rescues/_source.erb (0.5ms)
  Rendered /usr/local/rvm/gems/ruby-2.1.3/gems/actionpack-4.0.0/lib/action_dispatch/middleware/templates/rescues/_trace.erb (1.1ms)
  Rendered /usr/local/rvm/gems/ruby-2.1.3/gems/actionpack-4.0.0/lib/action_dispatch/middleware/templates/rescues/_request_and_response.erb (0.8ms)
  Rendered /usr/local/rvm/gems/ruby-2.1.3/gems/actionpack-4.0.0/lib/action_dispatch/middleware/templates/rescues/diagnostics.erb within rescues/layout (13.8ms)


Started GET "/posts/create" for 10.0.2.2 at 2015-07-21 00:39:29 +0000
Processing by PostsController#show as HTML
  Parameters: {"id"=>"create"}
  [1m[35mPost Load (1.6ms)[0m  SELECT "posts".* FROM "posts" WHERE "posts"."id" = ? LIMIT 1  [["id", "create"]]
Completed 404 Not Found in 3ms

ActiveRecord::RecordNotFound (Couldn't find Post with id=create):
  app/controllers/posts_controller.rb:33:in `show'


  Rendered /usr/local/rvm/gems/ruby-2.1.3/gems/actionpack-4.0.0/lib/action_dispatch/middleware/templates/rescues/_source.erb (0.6ms)
  Rendered /usr/local/rvm/gems/ruby-2.1.3/gems/actionpack-4.0.0/lib/action_dispatch/middleware/templates/rescues/_trace.erb (1.0ms)
  Rendered /usr/local/rvm/gems/ruby-2.1.3/gems/actionpack-4.0.0/lib/action_dispatch/middleware/templates/rescues/_request_and_response.erb (0.9ms)
  Rendered /usr/local/rvm/gems/ruby-2.1.3/gems/actionpack-4.0.0/lib/action_dispatch/middleware/templates/rescues/diagnostics.erb within rescues/layout (13.8ms)


Started GET "/posts/new" for 10.0.2.2 at 2015-07-21 00:39:31 +0000
Processing by PostsController#show as HTML
  Parameters: {"id"=>"new"}
  [1m[36mPost Load (1.7ms)[0m  [1mSELECT "posts".* FROM "posts" WHERE "posts"."id" = ? LIMIT 1[0m  [["id", "new"]]
Completed 404 Not Found in 3ms

ActiveRecord::RecordNotFound (Couldn't find Post with id=new):
  app/controllers/posts_controller.rb:33:in `show'


  Rendered /usr/local/rvm/gems/ruby-2.1.3/gems/actionpack-4.0.0/lib/action_dispatch/middleware/templates/rescues/_source.erb (0.5ms)
  Rendered /usr/local/rvm/gems/ruby-2.1.3/gems/actionpack-4.0.0/lib/action_dispatch/middleware/templates/rescues/_trace.erb (1.0ms)
  Rendered /usr/local/rvm/gems/ruby-2.1.3/gems/actionpack-4.0.0/lib/action_dispatch/middleware/templates/rescues/_request_and_response.erb (1.0ms)
  Rendered /usr/local/rvm/gems/ruby-2.1.3/gems/actionpack-4.0.0/lib/action_dispatch/middleware/templates/rescues/diagnostics.erb within rescues/layout (13.8ms)


Started GET "/posts/new" for 10.0.2.2 at 2015-07-21 00:39:49 +0000
Processing by PostsController#show as HTML
  Parameters: {"id"=>"new"}
  [1m[35mPost Load (1.6ms)[0m  SELECT "posts".* FROM "posts" WHERE "posts"."id" = ? LIMIT 1  [["id", "new"]]
Completed 404 Not Found in 3ms

ActiveRecord::RecordNotFound (Couldn't find Post with id=new):
  app/controllers/posts_controller.rb:33:in `show'


  Rendered /usr/local/rvm/gems/ruby-2.1.3/gems/actionpack-4.0.0/lib/action_dispatch/middleware/templates/rescues/_source.erb (0.6ms)
  Rendered /usr/local/rvm/gems/ruby-2.1.3/gems/actionpack-4.0.0/lib/action_dispatch/middleware/templates/rescues/_trace.erb (1.1ms)
  Rendered /usr/local/rvm/gems/ruby-2.1.3/gems/actionpack-4.0.0/lib/action_dispatch/middleware/templates/rescues/_request_and_response.erb (0.9ms)
  Rendered /usr/local/rvm/gems/ruby-2.1.3/gems/actionpack-4.0.0/lib/action_dispatch/middleware/templates/rescues/diagnostics.erb within rescues/layout (15.1ms)


Started GET "/posts/new" for 10.0.2.2 at 2015-07-21 00:40:02 +0000
Processing by PostsController#show as HTML
  Parameters: {"id"=>"new"}
  [1m[36mPost Load (1.5ms)[0m  [1mSELECT "posts".* FROM "posts" WHERE "posts"."id" = ? LIMIT 1[0m  [["id", "new"]]
Completed 404 Not Found in 21ms

ActiveRecord::RecordNotFound (Couldn't find Post with id=new):
  app/controllers/posts_controller.rb:33:in `show'


  Rendered /usr/local/rvm/gems/ruby-2.1.3/gems/actionpack-4.0.0/lib/action_dispatch/middleware/templates/rescues/_source.erb (0.5ms)
  Rendered /usr/local/rvm/gems/ruby-2.1.3/gems/actionpack-4.0.0/lib/action_dispatch/middleware/templates/rescues/_trace.erb (1.1ms)
  Rendered /usr/local/rvm/gems/ruby-2.1.3/gems/actionpack-4.0.0/lib/action_dispatch/middleware/templates/rescues/_request_and_response.erb (1.0ms)
  Rendered /usr/local/rvm/gems/ruby-2.1.3/gems/actionpack-4.0.0/lib/action_dispatch/middleware/templates/rescues/diagnostics.erb within rescues/layout (15.2ms)


Started GET "/posts/new" for 10.0.2.2 at 2015-07-21 00:40:33 +0000
Processing by PostsController#show as HTML
  Parameters: {"id"=>"new"}
  [1m[35mPost Load (1.2ms)[0m  SELECT "posts".* FROM "posts" WHERE "posts"."id" = ? LIMIT 1  [["id", "new"]]
Completed 404 Not Found in 3ms

ActiveRecord::RecordNotFound (Couldn't find Post with id=new):
  app/controllers/posts_controller.rb:33:in `show'


  Rendered /usr/local/rvm/gems/ruby-2.1.3/gems/actionpack-4.0.0/lib/action_dispatch/middleware/templates/rescues/_source.erb (0.6ms)
  Rendered /usr/local/rvm/gems/ruby-2.1.3/gems/actionpack-4.0.0/lib/action_dispatch/middleware/templates/rescues/_trace.erb (1.0ms)
  Rendered /usr/local/rvm/gems/ruby-2.1.3/gems/actionpack-4.0.0/lib/action_dispatch/middleware/templates/rescues/_request_and_response.erb (0.9ms)
  Rendered /usr/local/rvm/gems/ruby-2.1.3/gems/actionpack-4.0.0/lib/action_dispatch/middleware/templates/rescues/diagnostics.erb within rescues/layout (14.2ms)


Started GET "/posts" for 10.0.2.2 at 2015-07-21 00:41:37 +0000
Processing by PostsController#index as HTML
  [1m[36mPost Load (1.1ms)[0m  [1mSELECT "posts".* FROM "posts"[0m
  Rendered posts/index.html.erb within layouts/application (13.2ms)
Completed 200 OK in 84ms (Views: 82.7ms | ActiveRecord: 1.1ms)


Started GET "/assets/application.css?body=1" for 10.0.2.2 at 2015-07-21 00:41:37 +0000


Started GET "/assets/turbolinks.js?body=1" for 10.0.2.2 at 2015-07-21 00:41:37 +0000


Started GET "/assets/jquery_ujs.js?body=1" for 10.0.2.2 at 2015-07-21 00:41:37 +0000


Started GET "/assets/jquery.js?body=1" for 10.0.2.2 at 2015-07-21 00:41:38 +0000


Started GET "/assets/application.js?body=1" for 10.0.2.2 at 2015-07-21 00:41:38 +0000


Started GET "/posts/new" for 10.0.2.2 at 2015-07-21 00:41:43 +0000
Processing by PostsController#show as HTML
  Parameters: {"id"=>"new"}
  [1m[35mPost Load (1.8ms)[0m  SELECT "posts".* FROM "posts" WHERE "posts"."id" = ? LIMIT 1  [["id", "new"]]
Completed 404 Not Found in 3ms

ActiveRecord::RecordNotFound (Couldn't find Post with id=new):
  app/controllers/posts_controller.rb:33:in `show'


  Rendered /usr/local/rvm/gems/ruby-2.1.3/gems/actionpack-4.0.0/lib/action_dispatch/middleware/templates/rescues/_source.erb (0.9ms)
  Rendered /usr/local/rvm/gems/ruby-2.1.3/gems/actionpack-4.0.0/lib/action_dispatch/middleware/templates/rescues/_trace.erb (1.0ms)
  Rendered /usr/local/rvm/gems/ruby-2.1.3/gems/actionpack-4.0.0/lib/action_dispatch/middleware/templates/rescues/_request_and_response.erb (1.0ms)
  Rendered /usr/local/rvm/gems/ruby-2.1.3/gems/actionpack-4.0.0/lib/action_dispatch/middleware/templates/rescues/diagnostics.erb within rescues/layout (15.4ms)


Started GET "/posts/create" for 10.0.2.2 at 2015-07-21 00:41:46 +0000
Processing by PostsController#show as HTML
  Parameters: {"id"=>"create"}
  [1m[36mPost Load (2.1ms)[0m  [1mSELECT "posts".* FROM "posts" WHERE "posts"."id" = ? LIMIT 1[0m  [["id", "create"]]
Completed 404 Not Found in 4ms

ActiveRecord::RecordNotFound (Couldn't find Post with id=create):
  app/controllers/posts_controller.rb:33:in `show'


  Rendered /usr/local/rvm/gems/ruby-2.1.3/gems/actionpack-4.0.0/lib/action_dispatch/middleware/templates/rescues/_source.erb (0.6ms)
  Rendered /usr/local/rvm/gems/ruby-2.1.3/gems/actionpack-4.0.0/lib/action_dispatch/middleware/templates/rescues/_trace.erb (1.0ms)
  Rendered /usr/local/rvm/gems/ruby-2.1.3/gems/actionpack-4.0.0/lib/action_dispatch/middleware/templates/rescues/_request_and_response.erb (0.9ms)
  Rendered /usr/local/rvm/gems/ruby-2.1.3/gems/actionpack-4.0.0/lib/action_dispatch/middleware/templates/rescues/diagnostics.erb within rescues/layout (15.1ms)


Started GET "/posts" for 10.0.2.2 at 2015-07-21 00:42:19 +0000
Processing by PostsController#index as HTML
  [1m[35mPost Load (1.2ms)[0m  SELECT "posts".* FROM "posts"
  Rendered posts/index.html.erb within layouts/application (2.4ms)
Completed 200 OK in 70ms (Views: 68.0ms | ActiveRecord: 1.2ms)


Started GET "/assets/application.css?body=1" for 10.0.2.2 at 2015-07-21 00:42:19 +0000


Started GET "/assets/application.js?body=1" for 10.0.2.2 at 2015-07-21 00:42:19 +0000


Started GET "/assets/turbolinks.js?body=1" for 10.0.2.2 at 2015-07-21 00:42:19 +0000


Started GET "/assets/jquery_ujs.js?body=1" for 10.0.2.2 at 2015-07-21 00:42:19 +0000


Started GET "/assets/jquery.js?body=1" for 10.0.2.2 at 2015-07-21 00:42:19 +0000


Started GET "/posts/new" for 10.0.2.2 at 2015-07-21 00:42:22 +0000
Processing by PostsController#new as HTML
  Rendered posts/new.html.erb within layouts/application (55.9ms)
Completed 200 OK in 138ms (Views: 119.6ms | ActiveRecord: 2.2ms)


Started GET "/assets/jquery.js?body=1" for 10.0.2.2 at 2015-07-21 00:42:22 +0000


Started GET "/assets/turbolinks.js?body=1" for 10.0.2.2 at 2015-07-21 00:42:22 +0000


Started GET "/assets/jquery_ujs.js?body=1" for 10.0.2.2 at 2015-07-21 00:42:22 +0000


Started GET "/assets/application.js?body=1" for 10.0.2.2 at 2015-07-21 00:42:22 +0000


Started GET "/assets/application.css?body=1" for 10.0.2.2 at 2015-07-21 00:42:22 +0000


Started GET "/posts/create" for 10.0.2.2 at 2015-07-21 00:42:26 +0000
Processing by PostsController#show as HTML
  Parameters: {"id"=>"create"}
  [1m[36mPost Load (2.5ms)[0m  [1mSELECT "posts".* FROM "posts" WHERE "posts"."id" = ? LIMIT 1[0m  [["id", "create"]]
Completed 404 Not Found in 4ms

ActiveRecord::RecordNotFound (Couldn't find Post with id=create):
  app/controllers/posts_controller.rb:33:in `show'


  Rendered /usr/local/rvm/gems/ruby-2.1.3/gems/actionpack-4.0.0/lib/action_dispatch/middleware/templates/rescues/_source.erb (0.6ms)
  Rendered /usr/local/rvm/gems/ruby-2.1.3/gems/actionpack-4.0.0/lib/action_dispatch/middleware/templates/rescues/_trace.erb (1.1ms)
  Rendered /usr/local/rvm/gems/ruby-2.1.3/gems/actionpack-4.0.0/lib/action_dispatch/middleware/templates/rescues/_request_and_response.erb (0.9ms)
  Rendered /usr/local/rvm/gems/ruby-2.1.3/gems/actionpack-4.0.0/lib/action_dispatch/middleware/templates/rescues/diagnostics.erb within rescues/layout (14.0ms)


Started POST "/posts" for 10.0.2.2 at 2015-07-21 00:42:47 +0000
Processing by PostsController#create as HTML
  Parameters: {"utf8"=>"", "authenticity_token"=>"I+qgjymE1eBULdE/2KU7fILkJjl14gNrDojVlfvOqtg=", "post"=>{"title"=>"CLG", "author"=>"sad clg fan", "text"=>"CLG potential and faith"}, "commit"=>"save"}
Completed 500 Internal Server Error in 4ms

NameError (undefined local variable or method `post_params' for #<PostsController:0xa17f4d0>):
  app/controllers/posts_controller.rb:68:in `create'


  Rendered /usr/local/rvm/gems/ruby-2.1.3/gems/actionpack-4.0.0/lib/action_dispatch/middleware/templates/rescues/_source.erb (0.6ms)
  Rendered /usr/local/rvm/gems/ruby-2.1.3/gems/actionpack-4.0.0/lib/action_dispatch/middleware/templates/rescues/_trace.erb (0.6ms)
  Rendered /usr/local/rvm/gems/ruby-2.1.3/gems/actionpack-4.0.0/lib/action_dispatch/middleware/templates/rescues/_request_and_response.erb (1.5ms)
  Rendered /usr/local/rvm/gems/ruby-2.1.3/gems/actionpack-4.0.0/lib/action_dispatch/middleware/templates/rescues/diagnostics.erb within rescues/layout (17.2ms)


Started POST "/posts" for 10.0.2.2 at 2015-07-21 00:44:17 +0000
Processing by PostsController#create as HTML
  Parameters: {"utf8"=>"", "authenticity_token"=>"I+qgjymE1eBULdE/2KU7fILkJjl14gNrDojVlfvOqtg=", "post"=>{"title"=>"CLG", "author"=>"sad clg fan", "text"=>"CLG potential and faith"}, "commit"=>"save"}
  [1m[35m (0.1ms)[0m  begin transaction
  [1m[36mSQL (13.9ms)[0m  [1mINSERT INTO "posts" ("author", "created_at", "text", "title", "updated_at") VALUES (?, ?, ?, ?, ?)[0m  [["author", "sad clg fan"], ["created_at", Tue, 21 Jul 2015 00:44:17 UTC +00:00], ["text", "CLG potential and faith"], ["title", "CLG"], ["updated_at", Tue, 21 Jul 2015 00:44:17 UTC +00:00]]
  [1m[35m (3.9ms)[0m  commit transaction
Redirected to http://localhost:3000/posts
Completed 302 Found in 58ms (ActiveRecord: 21.8ms)


Started GET "/posts" for 10.0.2.2 at 2015-07-21 00:44:17 +0000
Processing by PostsController#index as HTML
  [1m[36mPost Load (1.8ms)[0m  [1mSELECT "posts".* FROM "posts"[0m
  Rendered posts/index.html.erb within layouts/application (3.4ms)
Completed 200 OK in 71ms (Views: 68.5ms | ActiveRecord: 1.8ms)


Started GET "/assets/application.css?body=1" for 10.0.2.2 at 2015-07-21 00:44:18 +0000


Started GET "/assets/jquery.js?body=1" for 10.0.2.2 at 2015-07-21 00:44:18 +0000


Started GET "/assets/application.js?body=1" for 10.0.2.2 at 2015-07-21 00:44:18 +0000


Started GET "/assets/turbolinks.js?body=1" for 10.0.2.2 at 2015-07-21 00:44:18 +0000


Started GET "/assets/jquery_ujs.js?body=1" for 10.0.2.2 at 2015-07-21 00:44:18 +0000


Started GET "/posts/1/edit" for 10.0.2.2 at 2015-07-21 01:01:12 +0000
Processing by PostsController#edit as HTML
  Parameters: {"id"=>"1"}
  [1m[35mPost Load (1.1ms)[0m  SELECT "posts".* FROM "posts" WHERE "posts"."id" = ? LIMIT 1  [["id", "1"]]
  Rendered posts/edit.html.erb within layouts/application (4.0ms)
Completed 200 OK in 118ms (Views: 79.8ms | ActiveRecord: 4.2ms)


Started GET "/assets/application.css?body=1" for 10.0.2.2 at 2015-07-21 01:01:12 +0000


Started GET "/assets/turbolinks.js?body=1" for 10.0.2.2 at 2015-07-21 01:01:13 +0000


Started GET "/assets/jquery_ujs.js?body=1" for 10.0.2.2 at 2015-07-21 01:01:13 +0000


Started GET "/assets/jquery.js?body=1" for 10.0.2.2 at 2015-07-21 01:01:13 +0000


Started GET "/assets/application.js?body=1" for 10.0.2.2 at 2015-07-21 01:01:13 +0000


Started GET "/posts" for 10.0.2.2 at 2015-07-21 01:11:37 +0000
Processing by PostsController#index as HTML
  [1m[36mPost Load (4.5ms)[0m  [1mSELECT "posts".* FROM "posts"[0m
  Rendered posts/index.html.erb within layouts/application (21.3ms)
Completed 200 OK in 117ms (Views: 91.0ms | ActiveRecord: 6.2ms)


Started GET "/assets/jquery.js?body=1" for 10.0.2.2 at 2015-07-21 01:11:37 +0000


Started GET "/assets/jquery_ujs.js?body=1" for 10.0.2.2 at 2015-07-21 01:11:37 +0000


Started GET "/assets/application.css?body=1" for 10.0.2.2 at 2015-07-21 01:11:37 +0000


Started GET "/assets/turbolinks.js?body=1" for 10.0.2.2 at 2015-07-21 01:11:37 +0000


Started GET "/assets/application.js?body=1" for 10.0.2.2 at 2015-07-21 01:11:38 +0000


Started GET "/" for 10.0.2.2 at 2015-07-21 01:31:25 +0000
Processing by Rails::WelcomeController#index as HTML
  Rendered /usr/local/rvm/gems/ruby-2.1.3/gems/railties-4.0.0/lib/rails/templates/rails/welcome/index.html.erb (0.6ms)
Completed 200 OK in 3ms (Views: 2.5ms | ActiveRecord: 0.0ms)


Started GET "/posts" for 10.0.2.2 at 2015-07-21 01:31:27 +0000
Processing by PostsController#index as HTML
  [1m[35mPost Load (1.2ms)[0m  SELECT "posts".* FROM "posts"
  Rendered posts/index.html.erb within layouts/application (3.7ms)
Completed 200 OK in 72ms (Views: 70.3ms | ActiveRecord: 1.2ms)


Started GET "/assets/jquery.js?body=1" for 10.0.2.2 at 2015-07-21 01:31:27 +0000


Started GET "/assets/jquery_ujs.js?body=1" for 10.0.2.2 at 2015-07-21 01:31:27 +0000


Started GET "/assets/application.css?body=1" for 10.0.2.2 at 2015-07-21 01:31:27 +0000


Started GET "/assets/turbolinks.js?body=1" for 10.0.2.2 at 2015-07-21 01:31:27 +0000


Started GET "/assets/application.js?body=1" for 10.0.2.2 at 2015-07-21 01:31:27 +0000


Started GET "/posts/new" for 10.0.2.2 at 2015-07-21 01:31:31 +0000
Processing by PostsController#new as HTML
  Rendered posts/new.html.erb within layouts/application (3.1ms)
Completed 200 OK in 75ms (Views: 74.1ms | ActiveRecord: 0.0ms)


Started GET "/posts/" for 10.0.2.2 at 2015-07-21 01:31:33 +0000
Processing by PostsController#index as HTML
  [1m[36mPost Load (1.3ms)[0m  [1mSELECT "posts".* FROM "posts"[0m
  Rendered posts/index.html.erb within layouts/application (3.2ms)
Completed 200 OK in 72ms (Views: 69.9ms | ActiveRecord: 1.3ms)


Started GET "/posts/new" for 10.0.2.2 at 2015-07-21 01:31:37 +0000
Processing by PostsController#new as HTML
  Rendered posts/new.html.erb within layouts/application (1.8ms)
Completed 200 OK in 72ms (Views: 71.8ms | ActiveRecord: 0.0ms)


Started GET "/posts/1" for 10.0.2.2 at 2015-07-21 01:31:43 +0000
Processing by PostsController#show as HTML
  Parameters: {"id"=>"1"}
  [1m[35mPost Load (2.1ms)[0m  SELECT "posts".* FROM "posts" WHERE "posts"."id" = ? LIMIT 1  [["id", "1"]]
  Rendered posts/show.html.erb within layouts/application (0.8ms)
Completed 200 OK in 72ms (Views: 68.0ms | ActiveRecord: 2.1ms)


Started GET "/posts/1" for 10.0.2.2 at 2015-07-21 01:31:43 +0000
Processing by PostsController#show as HTML
  Parameters: {"id"=>"1"}
  [1m[36mPost Load (1.8ms)[0m  [1mSELECT "posts".* FROM "posts" WHERE "posts"."id" = ? LIMIT 1[0m  [["id", "1"]]
  Rendered posts/show.html.erb within layouts/application (0.3ms)
Completed 200 OK in 70ms (Views: 66.8ms | ActiveRecord: 1.8ms)


Started GET "/assets/jquery.js?body=1" for 10.0.2.2 at 2015-07-21 01:31:43 +0000


Started GET "/assets/turbolinks.js?body=1" for 10.0.2.2 at 2015-07-21 01:31:43 +0000


Started GET "/assets/jquery_ujs.js?body=1" for 10.0.2.2 at 2015-07-21 01:31:43 +0000


Started GET "/assets/application.js?body=1" for 10.0.2.2 at 2015-07-21 01:31:43 +0000


Started GET "/assets/application.css?body=1" for 10.0.2.2 at 2015-07-21 01:31:43 +0000


Started GET "/posts/1/edit" for 10.0.2.2 at 2015-07-21 01:31:44 +0000
Processing by PostsController#edit as HTML
  Parameters: {"id"=>"1"}
  [1m[35mPost Load (0.9ms)[0m  SELECT "posts".* FROM "posts" WHERE "posts"."id" = ? LIMIT 1  [["id", "1"]]
  Rendered posts/edit.html.erb within layouts/application (2.9ms)
Completed 200 OK in 74ms (Views: 72.1ms | ActiveRecord: 0.9ms)


Started GET "/posts/1" for 10.0.2.2 at 2015-07-21 01:39:33 +0000
Processing by PostsController#show as HTML
  Parameters: {"id"=>"1"}
  [1m[36mPost Load (1.0ms)[0m  [1mSELECT "posts".* FROM "posts" WHERE "posts"."id" = ? LIMIT 1[0m  [["id", "1"]]
  Rendered posts/show.html.erb within layouts/application (1.1ms)
Completed 200 OK in 105ms (Views: 72.2ms | ActiveRecord: 3.2ms)


Started GET "/assets/application.css?body=1" for 10.0.2.2 at 2015-07-21 01:39:33 +0000


Started GET "/assets/jquery_ujs.js?body=1" for 10.0.2.2 at 2015-07-21 01:39:33 +0000


Started GET "/assets/jquery.js?body=1" for 10.0.2.2 at 2015-07-21 01:39:33 +0000


Started GET "/assets/application.js?body=1" for 10.0.2.2 at 2015-07-21 01:39:33 +0000


Started GET "/assets/turbolinks.js?body=1" for 10.0.2.2 at 2015-07-21 01:39:33 +0000


Started GET "/" for 10.0.2.2 at 2015-07-21 01:40:21 +0000
Processing by Rails::WelcomeController#index as HTML
  Rendered /usr/local/rvm/gems/ruby-2.1.3/gems/railties-4.0.0/lib/rails/templates/rails/welcome/index.html.erb (0.1ms)
Completed 200 OK in 3ms (Views: 2.6ms | ActiveRecord: 0.0ms)


Started GET "/" for 10.0.2.2 at 2015-07-21 01:40:23 +0000
Processing by Rails::WelcomeController#index as HTML
  Rendered /usr/local/rvm/gems/ruby-2.1.3/gems/railties-4.0.0/lib/rails/templates/rails/welcome/index.html.erb (0.0ms)
Completed 200 OK in 2ms (Views: 1.7ms | ActiveRecord: 0.0ms)


Started GET "/" for 10.0.2.2 at 2015-07-21 01:40:32 +0000
Processing by Rails::WelcomeController#index as HTML
  Rendered /usr/local/rvm/gems/ruby-2.1.3/gems/railties-4.0.0/lib/rails/templates/rails/welcome/index.html.erb (0.0ms)
Completed 200 OK in 2ms (Views: 1.8ms | ActiveRecord: 0.0ms)


Started GET "/" for 10.0.2.2 at 2015-07-21 01:40:57 +0000
Processing by Rails::WelcomeController#index as HTML
  Rendered /usr/local/rvm/gems/ruby-2.1.3/gems/railties-4.0.0/lib/rails/templates/rails/welcome/index.html.erb (0.1ms)
Completed 200 OK in 3ms (Views: 1.8ms | ActiveRecord: 0.0ms)


Started GET "/" for 10.0.2.2 at 2015-07-21 01:41:03 +0000
Processing by PostsController#index as HTML
  [1m[35mPost Load (2.3ms)[0m  SELECT "posts".* FROM "posts"
  Rendered posts/index.html.erb within layouts/application (20.5ms)
Completed 200 OK in 105ms (Views: 84.8ms | ActiveRecord: 3.6ms)


Started GET "/assets/jquery.js?body=1" for 10.0.2.2 at 2015-07-21 01:41:03 +0000


Started GET "/assets/application.css?body=1" for 10.0.2.2 at 2015-07-21 01:41:03 +0000


Started GET "/assets/application.js?body=1" for 10.0.2.2 at 2015-07-21 01:41:03 +0000


Started GET "/assets/turbolinks.js?body=1" for 10.0.2.2 at 2015-07-21 01:41:03 +0000


Started GET "/assets/jquery_ujs.js?body=1" for 10.0.2.2 at 2015-07-21 01:41:03 +0000
